{"/Users/haos/Projects/azure-psql-app/app/.eslintrc.js": {"path":"/Users/haos/Projects/azure-psql-app/app/.eslintrc.js","statementMap":{"0":{"start":{"line":1,"column":0},"end":{"line":85,"column":2}}},"fnMap":{},"branchMap":{},"s":{"0":0},"f":{},"b":{}}
,"/Users/haos/Projects/azure-psql-app/app/app.js": {"path":"/Users/haos/Projects/azure-psql-app/app/app.js","statementMap":{"0":{"start":{"line":1,"column":0},"end":{"line":1,"column":27}},"1":{"start":{"line":2,"column":16},"end":{"line":2,"column":34}},"2":{"start":{"line":3,"column":13},"end":{"line":3,"column":28}},"3":{"start":{"line":4,"column":16},"end":{"line":4,"column":42}},"4":{"start":{"line":5,"column":17},"end":{"line":5,"column":36}},"5":{"start":{"line":6,"column":15},"end":{"line":6,"column":32}},"6":{"start":{"line":7,"column":13},"end":{"line":7,"column":28}},"7":{"start":{"line":8,"column":18},"end":{"line":8,"column":47}},"8":{"start":{"line":9,"column":13},"end":{"line":9,"column":41}},"9":{"start":{"line":10,"column":33},"end":{"line":10,"column":52}},"10":{"start":{"line":12,"column":12},"end":{"line":12,"column":21}},"11":{"start":{"line":15,"column":0},"end":{"line":17,"column":4}},"12":{"start":{"line":18,"column":0},"end":{"line":18,"column":16}},"13":{"start":{"line":21,"column":16},"end":{"line":24,"column":2}},"14":{"start":{"line":25,"column":0},"end":{"line":25,"column":26}},"15":{"start":{"line":28,"column":0},"end":{"line":28,"column":24}},"16":{"start":{"line":29,"column":0},"end":{"line":29,"column":48}},"17":{"start":{"line":32,"column":0},"end":{"line":32,"column":56}},"18":{"start":{"line":35,"column":0},"end":{"line":35,"column":21}},"19":{"start":{"line":38,"column":22},"end":{"line":49,"column":1}},"20":{"start":{"line":52,"column":0},"end":{"line":58,"column":1}},"21":{"start":{"line":53,"column":20},"end":{"line":53,"column":57}},"22":{"start":{"line":54,"column":2},"end":{"line":57,"column":5}},"23":{"start":{"line":60,"column":0},"end":{"line":60,"column":32}},"24":{"start":{"line":63,"column":18},"end":{"line":63,"column":51}},"25":{"start":{"line":64,"column":0},"end":{"line":78,"column":1}},"26":{"start":{"line":65,"column":2},"end":{"line":77,"column":3}},"27":{"start":{"line":66,"column":35},"end":{"line":66,"column":63}},"28":{"start":{"line":67,"column":4},"end":{"line":67,"column":35}},"29":{"start":{"line":68,"column":4},"end":{"line":68,"column":32}},"30":{"start":{"line":69,"column":4},"end":{"line":69,"column":29}},"31":{"start":{"line":70,"column":4},"end":{"line":70,"column":48}},"32":{"start":{"line":73,"column":23},"end":{"line":73,"column":52}},"33":{"start":{"line":74,"column":4},"end":{"line":74,"column":37}},"34":{"start":{"line":76,"column":4},"end":{"line":76,"column":56}},"35":{"start":{"line":81,"column":0},"end":{"line":89,"column":1}},"36":{"start":{"line":82,"column":2},"end":{"line":88,"column":3}},"37":{"start":{"line":83,"column":27},"end":{"line":83,"column":62}},"38":{"start":{"line":84,"column":4},"end":{"line":84,"column":45}},"39":{"start":{"line":85,"column":4},"end":{"line":85,"column":42}},"40":{"start":{"line":87,"column":4},"end":{"line":87,"column":67}},"41":{"start":{"line":92,"column":0},"end":{"line":100,"column":1}},"42":{"start":{"line":93,"column":2},"end":{"line":99,"column":3}},"43":{"start":{"line":94,"column":26},"end":{"line":94,"column":60}},"44":{"start":{"line":95,"column":4},"end":{"line":95,"column":44}},"45":{"start":{"line":96,"column":4},"end":{"line":96,"column":41}},"46":{"start":{"line":98,"column":4},"end":{"line":98,"column":66}},"47":{"start":{"line":103,"column":0},"end":{"line":103,"column":24}},"48":{"start":{"line":106,"column":0},"end":{"line":106,"column":27}},"49":{"start":{"line":109,"column":0},"end":{"line":116,"column":3}},"50":{"start":{"line":111,"column":14},"end":{"line":111,"column":36}},"51":{"start":{"line":112,"column":2},"end":{"line":114,"column":3}},"52":{"start":{"line":113,"column":4},"end":{"line":113,"column":50}},"53":{"start":{"line":115,"column":2},"end":{"line":115,"column":61}},"54":{"start":{"line":118,"column":0},"end":{"line":118,"column":21}}},"fnMap":{"0":{"name":"(anonymous_0)","decl":{"start":{"line":109,"column":13},"end":{"line":109,"column":14}},"loc":{"start":{"line":109,"column":27},"end":{"line":116,"column":1}},"line":109}},"branchMap":{"0":{"loc":{"start":{"line":39,"column":10},"end":{"line":39,"column":78}},"type":"binary-expr","locations":[{"start":{"line":39,"column":10},"end":{"line":39,"column":36}},{"start":{"line":39,"column":40},"end":{"line":39,"column":78}}],"line":39},"1":{"loc":{"start":{"line":52,"column":0},"end":{"line":58,"column":1}},"type":"if","locations":[{"start":{"line":52,"column":0},"end":{"line":58,"column":1}},{"start":{},"end":{}}],"line":52},"2":{"loc":{"start":{"line":64,"column":0},"end":{"line":78,"column":1}},"type":"if","locations":[{"start":{"line":64,"column":0},"end":{"line":78,"column":1}},{"start":{},"end":{}}],"line":64},"3":{"loc":{"start":{"line":81,"column":0},"end":{"line":89,"column":1}},"type":"if","locations":[{"start":{"line":81,"column":0},"end":{"line":89,"column":1}},{"start":{},"end":{}}],"line":81},"4":{"loc":{"start":{"line":92,"column":0},"end":{"line":100,"column":1}},"type":"if","locations":[{"start":{"line":92,"column":0},"end":{"line":100,"column":1}},{"start":{},"end":{}}],"line":92},"5":{"loc":{"start":{"line":112,"column":2},"end":{"line":114,"column":3}},"type":"if","locations":[{"start":{"line":112,"column":2},"end":{"line":114,"column":3}},{"start":{},"end":{}}],"line":112},"6":{"loc":{"start":{"line":112,"column":6},"end":{"line":112,"column":28}},"type":"binary-expr","locations":[{"start":{"line":112,"column":6},"end":{"line":112,"column":9}},{"start":{"line":112,"column":13},"end":{"line":112,"column":28}}],"line":112}},"s":{"0":0,"1":0,"2":0,"3":0,"4":0,"5":0,"6":0,"7":0,"8":0,"9":0,"10":0,"11":0,"12":0,"13":0,"14":0,"15":0,"16":0,"17":0,"18":0,"19":0,"20":0,"21":0,"22":0,"23":0,"24":0,"25":0,"26":0,"27":0,"28":0,"29":0,"30":0,"31":0,"32":0,"33":0,"34":0,"35":0,"36":0,"37":0,"38":0,"39":0,"40":0,"41":0,"42":0,"43":0,"44":0,"45":0,"46":0,"47":0,"48":0,"49":0,"50":0,"51":0,"52":0,"53":0,"54":0},"f":{"0":0},"b":{"0":[0,0],"1":[0,0],"2":[0,0],"3":[0,0],"4":[0,0],"5":[0,0],"6":[0,0]}}
,"/Users/haos/Projects/azure-psql-app/app/collaboration.js": {"path":"/Users/haos/Projects/azure-psql-app/app/collaboration.js","statementMap":{"0":{"start":{"line":1,"column":28},"end":{"line":1,"column":41}},"1":{"start":{"line":2,"column":10},"end":{"line":2,"column":24}},"2":{"start":{"line":4,"column":12},"end":{"line":4,"column":51}},"3":{"start":{"line":5,"column":13},"end":{"line":5,"column":22}},"4":{"start":{"line":7,"column":0},"end":{"line":28,"column":3}},"5":{"start":{"line":8,"column":18},"end":{"line":8,"column":61}},"6":{"start":{"line":11,"column":2},"end":{"line":13,"column":3}},"7":{"start":{"line":12,"column":4},"end":{"line":12,"column":35}},"8":{"start":{"line":15,"column":14},"end":{"line":15,"column":31}},"9":{"start":{"line":18,"column":2},"end":{"line":25,"column":5}},"10":{"start":{"line":20,"column":4},"end":{"line":24,"column":7}},"11":{"start":{"line":21,"column":6},"end":{"line":23,"column":7}},"12":{"start":{"line":22,"column":8},"end":{"line":22,"column":29}},"13":{"start":{"line":27,"column":2},"end":{"line":27,"column":77}},"14":{"start":{"line":31,"column":0},"end":{"line":38,"column":2}},"15":{"start":{"line":32,"column":2},"end":{"line":37,"column":5}},"16":{"start":{"line":34,"column":4},"end":{"line":36,"column":7}},"17":{"start":{"line":35,"column":6},"end":{"line":35,"column":42}}},"fnMap":{"0":{"name":"(anonymous_0)","decl":{"start":{"line":7,"column":21},"end":{"line":7,"column":22}},"loc":{"start":{"line":7,"column":34},"end":{"line":28,"column":1}},"line":7},"1":{"name":"(anonymous_1)","decl":{"start":{"line":18,"column":19},"end":{"line":18,"column":20}},"loc":{"start":{"line":18,"column":32},"end":{"line":25,"column":3}},"line":18},"2":{"name":"(anonymous_2)","decl":{"start":{"line":20,"column":24},"end":{"line":20,"column":25}},"loc":{"start":{"line":20,"column":36},"end":{"line":24,"column":5}},"line":20},"3":{"name":"(anonymous_3)","decl":{"start":{"line":31,"column":17},"end":{"line":31,"column":18}},"loc":{"start":{"line":31,"column":29},"end":{"line":38,"column":1}},"line":31},"4":{"name":"(anonymous_4)","decl":{"start":{"line":32,"column":23},"end":{"line":32,"column":24}},"loc":{"start":{"line":32,"column":50},"end":{"line":37,"column":3}},"line":32},"5":{"name":"(anonymous_5)","decl":{"start":{"line":34,"column":45},"end":{"line":34,"column":46}},"loc":{"start":{"line":34,"column":53},"end":{"line":36,"column":5}},"line":34}},"branchMap":{"0":{"loc":{"start":{"line":8,"column":18},"end":{"line":8,"column":61}},"type":"binary-expr","locations":[{"start":{"line":8,"column":18},"end":{"line":8,"column":48}},{"start":{"line":8,"column":52},"end":{"line":8,"column":61}}],"line":8},"1":{"loc":{"start":{"line":11,"column":2},"end":{"line":13,"column":3}},"type":"if","locations":[{"start":{"line":11,"column":2},"end":{"line":13,"column":3}},{"start":{},"end":{}}],"line":11},"2":{"loc":{"start":{"line":21,"column":6},"end":{"line":23,"column":7}},"type":"if","locations":[{"start":{"line":21,"column":6},"end":{"line":23,"column":7}},{"start":{},"end":{}}],"line":21},"3":{"loc":{"start":{"line":21,"column":10},"end":{"line":21,"column":50}},"type":"binary-expr","locations":[{"start":{"line":21,"column":10},"end":{"line":21,"column":23}},{"start":{"line":21,"column":27},"end":{"line":21,"column":50}}],"line":21}},"s":{"0":0,"1":0,"2":0,"3":0,"4":0,"5":0,"6":0,"7":0,"8":0,"9":0,"10":0,"11":0,"12":0,"13":0,"14":0,"15":0,"16":0,"17":0},"f":{"0":0,"1":0,"2":0,"3":0,"4":0,"5":0},"b":{"0":[0,0],"1":[0,0],"2":[0,0],"3":[0,0]}}
,"/Users/haos/Projects/azure-psql-app/app/index.js": {"path":"/Users/haos/Projects/azure-psql-app/app/index.js","statementMap":{"0":{"start":{"line":1,"column":13},"end":{"line":1,"column":28}},"1":{"start":{"line":2,"column":28},"end":{"line":2,"column":41}},"2":{"start":{"line":3,"column":0},"end":{"line":3,"column":27}},"3":{"start":{"line":4,"column":16},"end":{"line":4,"column":34}},"4":{"start":{"line":5,"column":17},"end":{"line":5,"column":30}},"5":{"start":{"line":6,"column":13},"end":{"line":6,"column":28}},"6":{"start":{"line":7,"column":16},"end":{"line":7,"column":42}},"7":{"start":{"line":8,"column":17},"end":{"line":8,"column":36}},"8":{"start":{"line":9,"column":15},"end":{"line":9,"column":32}},"9":{"start":{"line":10,"column":13},"end":{"line":10,"column":28}},"10":{"start":{"line":11,"column":18},"end":{"line":11,"column":47}},"11":{"start":{"line":13,"column":12},"end":{"line":13,"column":21}},"12":{"start":{"line":14,"column":15},"end":{"line":14,"column":37}},"13":{"start":{"line":17,"column":28},"end":{"line":17,"column":54}},"14":{"start":{"line":19,"column":0},"end":{"line":19,"column":28}},"15":{"start":{"line":22,"column":0},"end":{"line":24,"column":4}},"16":{"start":{"line":25,"column":0},"end":{"line":25,"column":16}},"17":{"start":{"line":28,"column":16},"end":{"line":31,"column":2}},"18":{"start":{"line":32,"column":0},"end":{"line":32,"column":26}},"19":{"start":{"line":35,"column":0},"end":{"line":35,"column":24}},"20":{"start":{"line":36,"column":0},"end":{"line":36,"column":48}},"21":{"start":{"line":39,"column":0},"end":{"line":39,"column":56}},"22":{"start":{"line":41,"column":20},"end":{"line":41,"column":44}},"23":{"start":{"line":42,"column":0},"end":{"line":44,"column":1}},"24":{"start":{"line":43,"column":2},"end":{"line":43,"column":43}},"25":{"start":{"line":46,"column":13},"end":{"line":46,"column":92}},"26":{"start":{"line":49,"column":0},"end":{"line":49,"column":21}},"27":{"start":{"line":52,"column":22},"end":{"line":63,"column":1}},"28":{"start":{"line":66,"column":0},"end":{"line":72,"column":1}},"29":{"start":{"line":67,"column":20},"end":{"line":67,"column":57}},"30":{"start":{"line":68,"column":2},"end":{"line":71,"column":5}},"31":{"start":{"line":74,"column":0},"end":{"line":74,"column":32}},"32":{"start":{"line":77,"column":18},"end":{"line":77,"column":51}},"33":{"start":{"line":78,"column":0},"end":{"line":92,"column":1}},"34":{"start":{"line":79,"column":2},"end":{"line":91,"column":3}},"35":{"start":{"line":80,"column":35},"end":{"line":80,"column":63}},"36":{"start":{"line":81,"column":4},"end":{"line":81,"column":35}},"37":{"start":{"line":82,"column":4},"end":{"line":82,"column":32}},"38":{"start":{"line":83,"column":4},"end":{"line":83,"column":29}},"39":{"start":{"line":84,"column":4},"end":{"line":84,"column":48}},"40":{"start":{"line":87,"column":23},"end":{"line":87,"column":52}},"41":{"start":{"line":88,"column":4},"end":{"line":88,"column":37}},"42":{"start":{"line":90,"column":4},"end":{"line":90,"column":56}},"43":{"start":{"line":95,"column":0},"end":{"line":103,"column":1}},"44":{"start":{"line":96,"column":2},"end":{"line":102,"column":3}},"45":{"start":{"line":97,"column":27},"end":{"line":97,"column":62}},"46":{"start":{"line":98,"column":4},"end":{"line":98,"column":45}},"47":{"start":{"line":99,"column":4},"end":{"line":99,"column":42}},"48":{"start":{"line":101,"column":4},"end":{"line":101,"column":67}},"49":{"start":{"line":106,"column":0},"end":{"line":114,"column":1}},"50":{"start":{"line":107,"column":2},"end":{"line":113,"column":3}},"51":{"start":{"line":108,"column":26},"end":{"line":108,"column":60}},"52":{"start":{"line":109,"column":4},"end":{"line":109,"column":44}},"53":{"start":{"line":110,"column":4},"end":{"line":110,"column":41}},"54":{"start":{"line":112,"column":4},"end":{"line":112,"column":66}},"55":{"start":{"line":117,"column":20},"end":{"line":117,"column":58}},"56":{"start":{"line":119,"column":0},"end":{"line":119,"column":29}},"57":{"start":{"line":120,"column":0},"end":{"line":120,"column":35}},"58":{"start":{"line":124,"column":17},"end":{"line":124,"column":37}},"59":{"start":{"line":125,"column":2},"end":{"line":146,"column":3}},"60":{"start":{"line":127,"column":4},"end":{"line":127,"column":61}},"61":{"start":{"line":128,"column":4},"end":{"line":141,"column":7}},"62":{"start":{"line":143,"column":4},"end":{"line":143,"column":60}},"63":{"start":{"line":145,"column":4},"end":{"line":145,"column":21}},"64":{"start":{"line":150,"column":0},"end":{"line":172,"column":3}},"65":{"start":{"line":151,"column":2},"end":{"line":171,"column":3}},"66":{"start":{"line":153,"column":19},"end":{"line":153,"column":39}},"67":{"start":{"line":154,"column":4},"end":{"line":163,"column":5}},"68":{"start":{"line":155,"column":6},"end":{"line":155,"column":37}},"69":{"start":{"line":156,"column":6},"end":{"line":160,"column":9}},"70":{"start":{"line":162,"column":6},"end":{"line":162,"column":23}},"71":{"start":{"line":165,"column":4},"end":{"line":170,"column":7}},"72":{"start":{"line":175,"column":0},"end":{"line":190,"column":3}},"73":{"start":{"line":176,"column":17},"end":{"line":176,"column":37}},"74":{"start":{"line":177,"column":2},"end":{"line":189,"column":3}},"75":{"start":{"line":178,"column":21},"end":{"line":182,"column":6}},"76":{"start":{"line":183,"column":4},"end":{"line":183,"column":19}},"77":{"start":{"line":185,"column":4},"end":{"line":185,"column":48}},"78":{"start":{"line":186,"column":4},"end":{"line":186,"column":49}},"79":{"start":{"line":188,"column":4},"end":{"line":188,"column":21}},"80":{"start":{"line":193,"column":0},"end":{"line":211,"column":3}},"81":{"start":{"line":194,"column":17},"end":{"line":194,"column":27}},"82":{"start":{"line":195,"column":17},"end":{"line":195,"column":37}},"83":{"start":{"line":196,"column":2},"end":{"line":210,"column":3}},"84":{"start":{"line":197,"column":21},"end":{"line":200,"column":5}},"85":{"start":{"line":201,"column":4},"end":{"line":203,"column":5}},"86":{"start":{"line":202,"column":6},"end":{"line":202,"column":63}},"87":{"start":{"line":204,"column":4},"end":{"line":204,"column":22}},"88":{"start":{"line":206,"column":4},"end":{"line":206,"column":47}},"89":{"start":{"line":207,"column":4},"end":{"line":207,"column":49}},"90":{"start":{"line":209,"column":4},"end":{"line":209,"column":21}},"91":{"start":{"line":214,"column":0},"end":{"line":238,"column":3}},"92":{"start":{"line":217,"column":6},"end":{"line":217,"column":14}},"93":{"start":{"line":219,"column":2},"end":{"line":221,"column":3}},"94":{"start":{"line":220,"column":4},"end":{"line":220,"column":77}},"95":{"start":{"line":223,"column":17},"end":{"line":223,"column":37}},"96":{"start":{"line":224,"column":2},"end":{"line":237,"column":3}},"97":{"start":{"line":225,"column":21},"end":{"line":230,"column":5}},"98":{"start":{"line":231,"column":4},"end":{"line":231,"column":34}},"99":{"start":{"line":233,"column":4},"end":{"line":233,"column":47}},"100":{"start":{"line":234,"column":4},"end":{"line":234,"column":49}},"101":{"start":{"line":236,"column":4},"end":{"line":236,"column":21}},"102":{"start":{"line":241,"column":0},"end":{"line":272,"column":3}},"103":{"start":{"line":242,"column":17},"end":{"line":242,"column":27}},"104":{"start":{"line":245,"column":6},"end":{"line":245,"column":14}},"105":{"start":{"line":247,"column":2},"end":{"line":249,"column":3}},"106":{"start":{"line":248,"column":4},"end":{"line":248,"column":77}},"107":{"start":{"line":251,"column":17},"end":{"line":251,"column":37}},"108":{"start":{"line":252,"column":2},"end":{"line":271,"column":3}},"109":{"start":{"line":253,"column":21},"end":{"line":259,"column":5}},"110":{"start":{"line":261,"column":4},"end":{"line":263,"column":5}},"111":{"start":{"line":262,"column":6},"end":{"line":262,"column":63}},"112":{"start":{"line":265,"column":4},"end":{"line":265,"column":22}},"113":{"start":{"line":267,"column":4},"end":{"line":267,"column":47}},"114":{"start":{"line":268,"column":4},"end":{"line":268,"column":49}},"115":{"start":{"line":270,"column":4},"end":{"line":270,"column":21}},"116":{"start":{"line":275,"column":0},"end":{"line":292,"column":3}},"117":{"start":{"line":276,"column":17},"end":{"line":276,"column":27}},"118":{"start":{"line":277,"column":17},"end":{"line":277,"column":37}},"119":{"start":{"line":278,"column":2},"end":{"line":291,"column":3}},"120":{"start":{"line":279,"column":25},"end":{"line":279,"column":84}},"121":{"start":{"line":281,"column":4},"end":{"line":283,"column":5}},"122":{"start":{"line":282,"column":6},"end":{"line":282,"column":63}},"123":{"start":{"line":285,"column":4},"end":{"line":285,"column":27}},"124":{"start":{"line":287,"column":4},"end":{"line":287,"column":47}},"125":{"start":{"line":288,"column":4},"end":{"line":288,"column":49}},"126":{"start":{"line":290,"column":4},"end":{"line":290,"column":21}},"127":{"start":{"line":295,"column":0},"end":{"line":298,"column":3}},"128":{"start":{"line":296,"column":2},"end":{"line":296,"column":52}},"129":{"start":{"line":297,"column":2},"end":{"line":297,"column":64}},"130":{"start":{"line":300,"column":0},"end":{"line":304,"column":3}},"131":{"start":{"line":301,"column":2},"end":{"line":301,"column":58}},"132":{"start":{"line":302,"column":2},"end":{"line":302,"column":47}},"133":{"start":{"line":303,"column":2},"end":{"line":303,"column":68}},"134":{"start":{"line":307,"column":0},"end":{"line":309,"column":3}},"135":{"start":{"line":308,"column":2},"end":{"line":308,"column":61}},"136":{"start":{"line":311,"column":13},"end":{"line":311,"column":37}},"137":{"start":{"line":312,"column":0},"end":{"line":314,"column":87}},"138":{"start":{"line":313,"column":2},"end":{"line":313,"column":87}},"139":{"start":{"line":313,"column":28},"end":{"line":313,"column":85}},"140":{"start":{"line":314,"column":20},"end":{"line":314,"column":66}},"141":{"start":{"line":314,"column":67},"end":{"line":314,"column":83}},"142":{"start":{"line":316,"column":0},"end":{"line":316,"column":33}}},"fnMap":{"0":{"name":"ensureTable","decl":{"start":{"line":123,"column":15},"end":{"line":123,"column":26}},"loc":{"start":{"line":123,"column":29},"end":{"line":147,"column":1}},"line":123},"1":{"name":"(anonymous_1)","decl":{"start":{"line":150,"column":19},"end":{"line":150,"column":20}},"loc":{"start":{"line":150,"column":39},"end":{"line":172,"column":1}},"line":150},"2":{"name":"(anonymous_2)","decl":{"start":{"line":175,"column":18},"end":{"line":175,"column":19}},"loc":{"start":{"line":175,"column":38},"end":{"line":190,"column":1}},"line":175},"3":{"name":"(anonymous_3)","decl":{"start":{"line":193,"column":22},"end":{"line":193,"column":23}},"loc":{"start":{"line":193,"column":42},"end":{"line":211,"column":1}},"line":193},"4":{"name":"(anonymous_4)","decl":{"start":{"line":214,"column":19},"end":{"line":214,"column":20}},"loc":{"start":{"line":214,"column":39},"end":{"line":238,"column":1}},"line":214},"5":{"name":"(anonymous_5)","decl":{"start":{"line":241,"column":22},"end":{"line":241,"column":23}},"loc":{"start":{"line":241,"column":42},"end":{"line":272,"column":1}},"line":241},"6":{"name":"(anonymous_6)","decl":{"start":{"line":275,"column":25},"end":{"line":275,"column":26}},"loc":{"start":{"line":275,"column":45},"end":{"line":292,"column":1}},"line":275},"7":{"name":"(anonymous_7)","decl":{"start":{"line":295,"column":26},"end":{"line":295,"column":27}},"loc":{"start":{"line":295,"column":40},"end":{"line":298,"column":1}},"line":295},"8":{"name":"(anonymous_8)","decl":{"start":{"line":300,"column":30},"end":{"line":300,"column":31}},"loc":{"start":{"line":300,"column":44},"end":{"line":304,"column":1}},"line":300},"9":{"name":"(anonymous_9)","decl":{"start":{"line":307,"column":13},"end":{"line":307,"column":14}},"loc":{"start":{"line":307,"column":27},"end":{"line":309,"column":1}},"line":307},"10":{"name":"(anonymous_10)","decl":{"start":{"line":312,"column":19},"end":{"line":312,"column":20}},"loc":{"start":{"line":312,"column":25},"end":{"line":314,"column":1}},"line":312},"11":{"name":"(anonymous_11)","decl":{"start":{"line":313,"column":22},"end":{"line":313,"column":23}},"loc":{"start":{"line":313,"column":28},"end":{"line":313,"column":85}},"line":313},"12":{"name":"(anonymous_12)","decl":{"start":{"line":314,"column":9},"end":{"line":314,"column":10}},"loc":{"start":{"line":314,"column":18},"end":{"line":314,"column":85}},"line":314}},"branchMap":{"0":{"loc":{"start":{"line":42,"column":0},"end":{"line":44,"column":1}},"type":"if","locations":[{"start":{"line":42,"column":0},"end":{"line":44,"column":1}},{"start":{},"end":{}}],"line":42},"1":{"loc":{"start":{"line":53,"column":10},"end":{"line":53,"column":78}},"type":"binary-expr","locations":[{"start":{"line":53,"column":10},"end":{"line":53,"column":36}},{"start":{"line":53,"column":40},"end":{"line":53,"column":78}}],"line":53},"2":{"loc":{"start":{"line":66,"column":0},"end":{"line":72,"column":1}},"type":"if","locations":[{"start":{"line":66,"column":0},"end":{"line":72,"column":1}},{"start":{},"end":{}}],"line":66},"3":{"loc":{"start":{"line":78,"column":0},"end":{"line":92,"column":1}},"type":"if","locations":[{"start":{"line":78,"column":0},"end":{"line":92,"column":1}},{"start":{},"end":{}}],"line":78},"4":{"loc":{"start":{"line":95,"column":0},"end":{"line":103,"column":1}},"type":"if","locations":[{"start":{"line":95,"column":0},"end":{"line":103,"column":1}},{"start":{},"end":{}}],"line":95},"5":{"loc":{"start":{"line":106,"column":0},"end":{"line":114,"column":1}},"type":"if","locations":[{"start":{"line":106,"column":0},"end":{"line":114,"column":1}},{"start":{},"end":{}}],"line":106},"6":{"loc":{"start":{"line":201,"column":4},"end":{"line":203,"column":5}},"type":"if","locations":[{"start":{"line":201,"column":4},"end":{"line":203,"column":5}},{"start":{},"end":{}}],"line":201},"7":{"loc":{"start":{"line":219,"column":2},"end":{"line":221,"column":3}},"type":"if","locations":[{"start":{"line":219,"column":2},"end":{"line":221,"column":3}},{"start":{},"end":{}}],"line":219},"8":{"loc":{"start":{"line":219,"column":6},"end":{"line":219,"column":24}},"type":"binary-expr","locations":[{"start":{"line":219,"column":6},"end":{"line":219,"column":12}},{"start":{"line":219,"column":16},"end":{"line":219,"column":24}}],"line":219},"9":{"loc":{"start":{"line":229,"column":23},"end":{"line":229,"column":39}},"type":"binary-expr","locations":[{"start":{"line":229,"column":23},"end":{"line":229,"column":31}},{"start":{"line":229,"column":35},"end":{"line":229,"column":39}}],"line":229},"10":{"loc":{"start":{"line":229,"column":41},"end":{"line":229,"column":59}},"type":"binary-expr","locations":[{"start":{"line":229,"column":41},"end":{"line":229,"column":50}},{"start":{"line":229,"column":54},"end":{"line":229,"column":59}}],"line":229},"11":{"loc":{"start":{"line":229,"column":61},"end":{"line":229,"column":80}},"type":"binary-expr","locations":[{"start":{"line":229,"column":61},"end":{"line":229,"column":70}},{"start":{"line":229,"column":74},"end":{"line":229,"column":80}}],"line":229},"12":{"loc":{"start":{"line":229,"column":82},"end":{"line":229,"column":102}},"type":"binary-expr","locations":[{"start":{"line":229,"column":82},"end":{"line":229,"column":94}},{"start":{"line":229,"column":98},"end":{"line":229,"column":102}}],"line":229},"13":{"loc":{"start":{"line":229,"column":104},"end":{"line":229,"column":124}},"type":"binary-expr","locations":[{"start":{"line":229,"column":104},"end":{"line":229,"column":116}},{"start":{"line":229,"column":120},"end":{"line":229,"column":124}}],"line":229},"14":{"loc":{"start":{"line":247,"column":2},"end":{"line":249,"column":3}},"type":"if","locations":[{"start":{"line":247,"column":2},"end":{"line":249,"column":3}},{"start":{},"end":{}}],"line":247},"15":{"loc":{"start":{"line":247,"column":6},"end":{"line":247,"column":24}},"type":"binary-expr","locations":[{"start":{"line":247,"column":6},"end":{"line":247,"column":12}},{"start":{"line":247,"column":16},"end":{"line":247,"column":24}}],"line":247},"16":{"loc":{"start":{"line":258,"column":23},"end":{"line":258,"column":39}},"type":"binary-expr","locations":[{"start":{"line":258,"column":23},"end":{"line":258,"column":31}},{"start":{"line":258,"column":35},"end":{"line":258,"column":39}}],"line":258},"17":{"loc":{"start":{"line":258,"column":41},"end":{"line":258,"column":59}},"type":"binary-expr","locations":[{"start":{"line":258,"column":41},"end":{"line":258,"column":50}},{"start":{"line":258,"column":54},"end":{"line":258,"column":59}}],"line":258},"18":{"loc":{"start":{"line":258,"column":61},"end":{"line":258,"column":80}},"type":"binary-expr","locations":[{"start":{"line":258,"column":61},"end":{"line":258,"column":70}},{"start":{"line":258,"column":74},"end":{"line":258,"column":80}}],"line":258},"19":{"loc":{"start":{"line":258,"column":82},"end":{"line":258,"column":102}},"type":"binary-expr","locations":[{"start":{"line":258,"column":82},"end":{"line":258,"column":94}},{"start":{"line":258,"column":98},"end":{"line":258,"column":102}}],"line":258},"20":{"loc":{"start":{"line":258,"column":104},"end":{"line":258,"column":124}},"type":"binary-expr","locations":[{"start":{"line":258,"column":104},"end":{"line":258,"column":116}},{"start":{"line":258,"column":120},"end":{"line":258,"column":124}}],"line":258},"21":{"loc":{"start":{"line":261,"column":4},"end":{"line":263,"column":5}},"type":"if","locations":[{"start":{"line":261,"column":4},"end":{"line":263,"column":5}},{"start":{},"end":{}}],"line":261},"22":{"loc":{"start":{"line":281,"column":4},"end":{"line":283,"column":5}},"type":"if","locations":[{"start":{"line":281,"column":4},"end":{"line":283,"column":5}},{"start":{},"end":{}}],"line":281},"23":{"loc":{"start":{"line":311,"column":13},"end":{"line":311,"column":37}},"type":"binary-expr","locations":[{"start":{"line":311,"column":13},"end":{"line":311,"column":29}},{"start":{"line":311,"column":33},"end":{"line":311,"column":37}}],"line":311}},"s":{"0":0,"1":0,"2":0,"3":0,"4":0,"5":0,"6":0,"7":0,"8":0,"9":0,"10":0,"11":0,"12":0,"13":0,"14":0,"15":0,"16":0,"17":0,"18":0,"19":0,"20":0,"21":0,"22":0,"23":0,"24":0,"25":0,"26":0,"27":0,"28":0,"29":0,"30":0,"31":0,"32":0,"33":0,"34":0,"35":0,"36":0,"37":0,"38":0,"39":0,"40":0,"41":0,"42":0,"43":0,"44":0,"45":0,"46":0,"47":0,"48":0,"49":0,"50":0,"51":0,"52":0,"53":0,"54":0,"55":0,"56":0,"57":0,"58":0,"59":0,"60":0,"61":0,"62":0,"63":0,"64":0,"65":0,"66":0,"67":0,"68":0,"69":0,"70":0,"71":0,"72":0,"73":0,"74":0,"75":0,"76":0,"77":0,"78":0,"79":0,"80":0,"81":0,"82":0,"83":0,"84":0,"85":0,"86":0,"87":0,"88":0,"89":0,"90":0,"91":0,"92":0,"93":0,"94":0,"95":0,"96":0,"97":0,"98":0,"99":0,"100":0,"101":0,"102":0,"103":0,"104":0,"105":0,"106":0,"107":0,"108":0,"109":0,"110":0,"111":0,"112":0,"113":0,"114":0,"115":0,"116":0,"117":0,"118":0,"119":0,"120":0,"121":0,"122":0,"123":0,"124":0,"125":0,"126":0,"127":0,"128":0,"129":0,"130":0,"131":0,"132":0,"133":0,"134":0,"135":0,"136":0,"137":0,"138":0,"139":0,"140":0,"141":0,"142":0},"f":{"0":0,"1":0,"2":0,"3":0,"4":0,"5":0,"6":0,"7":0,"8":0,"9":0,"10":0,"11":0,"12":0},"b":{"0":[0,0],"1":[0,0],"2":[0,0],"3":[0,0],"4":[0,0],"5":[0,0],"6":[0,0],"7":[0,0],"8":[0,0],"9":[0,0],"10":[0,0],"11":[0,0],"12":[0,0],"13":[0,0],"14":[0,0],"15":[0,0],"16":[0,0],"17":[0,0],"18":[0,0],"19":[0,0],"20":[0,0],"21":[0,0],"22":[0,0],"23":[0,0]}}
,"/Users/haos/Projects/azure-psql-app/app/server.js": {"path":"/Users/haos/Projects/azure-psql-app/app/server.js","statementMap":{"0":{"start":{"line":1,"column":12},"end":{"line":1,"column":28}},"1":{"start":{"line":2,"column":20},"end":{"line":2,"column":46}},"2":{"start":{"line":4,"column":13},"end":{"line":4,"column":37}},"3":{"start":{"line":6,"column":0},"end":{"line":11,"column":3}},"4":{"start":{"line":7,"column":2},"end":{"line":7,"column":69}},"5":{"start":{"line":7,"column":25},"end":{"line":7,"column":67}},"6":{"start":{"line":9,"column":2},"end":{"line":9,"column":48}},"7":{"start":{"line":10,"column":2},"end":{"line":10,"column":18}}},"fnMap":{"0":{"name":"(anonymous_0)","decl":{"start":{"line":6,"column":19},"end":{"line":6,"column":20}},"loc":{"start":{"line":6,"column":25},"end":{"line":8,"column":1}},"line":6},"1":{"name":"(anonymous_1)","decl":{"start":{"line":7,"column":19},"end":{"line":7,"column":20}},"loc":{"start":{"line":7,"column":25},"end":{"line":7,"column":67}},"line":7},"2":{"name":"(anonymous_2)","decl":{"start":{"line":8,"column":9},"end":{"line":8,"column":10}},"loc":{"start":{"line":8,"column":18},"end":{"line":11,"column":1}},"line":8}},"branchMap":{"0":{"loc":{"start":{"line":4,"column":13},"end":{"line":4,"column":37}},"type":"binary-expr","locations":[{"start":{"line":4,"column":13},"end":{"line":4,"column":29}},{"start":{"line":4,"column":33},"end":{"line":4,"column":37}}],"line":4}},"s":{"0":0,"1":0,"2":0,"3":0,"4":0,"5":0,"6":0,"7":0},"f":{"0":0,"1":0,"2":0},"b":{"0":[0,0]}}
,"/Users/haos/Projects/azure-psql-app/app/auth/auth-routes.js": {"path":"/Users/haos/Projects/azure-psql-app/app/auth/auth-routes.js","statementMap":{"0":{"start":{"line":5,"column":16},"end":{"line":5,"column":34}},"1":{"start":{"line":6,"column":17},"end":{"line":6,"column":36}},"2":{"start":{"line":8,"column":15},"end":{"line":8,"column":31}},"3":{"start":{"line":9,"column":24},"end":{"line":9,"column":47}},"4":{"start":{"line":16,"column":0},"end":{"line":22,"column":2}},"5":{"start":{"line":25,"column":0},"end":{"line":34,"column":2}},"6":{"start":{"line":32,"column":4},"end":{"line":32,"column":31}},"7":{"start":{"line":41,"column":0},"end":{"line":53,"column":2}},"8":{"start":{"line":56,"column":0},"end":{"line":65,"column":2}},"9":{"start":{"line":63,"column":4},"end":{"line":63,"column":31}},"10":{"start":{"line":72,"column":0},"end":{"line":109,"column":3}},"11":{"start":{"line":73,"column":2},"end":{"line":108,"column":3}},"12":{"start":{"line":74,"column":19},"end":{"line":74,"column":33}},"13":{"start":{"line":77,"column":23},"end":{"line":92,"column":5}},"14":{"start":{"line":94,"column":4},"end":{"line":96,"column":5}},"15":{"start":{"line":95,"column":6},"end":{"line":95,"column":63}},"16":{"start":{"line":98,"column":17},"end":{"line":98,"column":35}},"17":{"start":{"line":101,"column":4},"end":{"line":101,"column":32}},"18":{"start":{"line":102,"column":4},"end":{"line":102,"column":30}},"19":{"start":{"line":104,"column":4},"end":{"line":104,"column":23}},"20":{"start":{"line":106,"column":4},"end":{"line":106,"column":49}},"21":{"start":{"line":107,"column":4},"end":{"line":107,"column":65}},"22":{"start":{"line":112,"column":0},"end":{"line":137,"column":3}},"23":{"start":{"line":113,"column":17},"end":{"line":113,"column":29}},"24":{"start":{"line":115,"column":2},"end":{"line":136,"column":5}},"25":{"start":{"line":116,"column":4},"end":{"line":119,"column":5}},"26":{"start":{"line":117,"column":6},"end":{"line":117,"column":42}},"27":{"start":{"line":118,"column":6},"end":{"line":118,"column":62}},"28":{"start":{"line":122,"column":4},"end":{"line":127,"column":5}},"29":{"start":{"line":123,"column":6},"end":{"line":126,"column":29}},"30":{"start":{"line":129,"column":4},"end":{"line":135,"column":7}},"31":{"start":{"line":130,"column":6},"end":{"line":132,"column":7}},"32":{"start":{"line":131,"column":8},"end":{"line":131,"column":53}},"33":{"start":{"line":133,"column":6},"end":{"line":133,"column":35}},"34":{"start":{"line":134,"column":6},"end":{"line":134,"column":55}},"35":{"start":{"line":140,"column":0},"end":{"line":179,"column":3}},"36":{"start":{"line":141,"column":2},"end":{"line":178,"column":3}},"37":{"start":{"line":142,"column":19},"end":{"line":142,"column":33}},"38":{"start":{"line":145,"column":26},"end":{"line":151,"column":5}},"39":{"start":{"line":153,"column":4},"end":{"line":155,"column":5}},"40":{"start":{"line":154,"column":6},"end":{"line":154,"column":72}},"41":{"start":{"line":157,"column":20},"end":{"line":157,"column":41}},"42":{"start":{"line":160,"column":16},"end":{"line":160,"column":26}},"43":{"start":{"line":161,"column":24},"end":{"line":161,"column":58}},"44":{"start":{"line":162,"column":31},"end":{"line":162,"column":64}},"45":{"start":{"line":164,"column":4},"end":{"line":169,"column":5}},"46":{"start":{"line":165,"column":6},"end":{"line":168,"column":9}},"47":{"start":{"line":174,"column":4},"end":{"line":174,"column":58}},"48":{"start":{"line":176,"column":4},"end":{"line":176,"column":49}},"49":{"start":{"line":177,"column":4},"end":{"line":177,"column":63}},"50":{"start":{"line":182,"column":0},"end":{"line":191,"column":3}},"51":{"start":{"line":183,"column":2},"end":{"line":190,"column":5}},"52":{"start":{"line":193,"column":0},"end":{"line":193,"column":24}}},"fnMap":{"0":{"name":"(anonymous_0)","decl":{"start":{"line":30,"column":2},"end":{"line":30,"column":3}},"loc":{"start":{"line":30,"column":16},"end":{"line":33,"column":3}},"line":30},"1":{"name":"(anonymous_1)","decl":{"start":{"line":61,"column":2},"end":{"line":61,"column":3}},"loc":{"start":{"line":61,"column":16},"end":{"line":64,"column":3}},"line":61},"2":{"name":"(anonymous_2)","decl":{"start":{"line":72,"column":31},"end":{"line":72,"column":32}},"loc":{"start":{"line":72,"column":51},"end":{"line":109,"column":1}},"line":72},"3":{"name":"(anonymous_3)","decl":{"start":{"line":112,"column":23},"end":{"line":112,"column":24}},"loc":{"start":{"line":112,"column":37},"end":{"line":137,"column":1}},"line":112},"4":{"name":"(anonymous_4)","decl":{"start":{"line":115,"column":13},"end":{"line":115,"column":14}},"loc":{"start":{"line":115,"column":22},"end":{"line":136,"column":3}},"line":115},"5":{"name":"(anonymous_5)","decl":{"start":{"line":129,"column":24},"end":{"line":129,"column":25}},"loc":{"start":{"line":129,"column":33},"end":{"line":135,"column":5}},"line":129},"6":{"name":"(anonymous_6)","decl":{"start":{"line":140,"column":37},"end":{"line":140,"column":38}},"loc":{"start":{"line":140,"column":57},"end":{"line":179,"column":1}},"line":140},"7":{"name":"(anonymous_7)","decl":{"start":{"line":182,"column":22},"end":{"line":182,"column":23}},"loc":{"start":{"line":182,"column":36},"end":{"line":191,"column":1}},"line":182}},"branchMap":{"0":{"loc":{"start":{"line":94,"column":4},"end":{"line":96,"column":5}},"type":"if","locations":[{"start":{"line":94,"column":4},"end":{"line":96,"column":5}},{"start":{},"end":{}}],"line":94},"1":{"loc":{"start":{"line":116,"column":4},"end":{"line":119,"column":5}},"type":"if","locations":[{"start":{"line":116,"column":4},"end":{"line":119,"column":5}},{"start":{},"end":{}}],"line":116},"2":{"loc":{"start":{"line":122,"column":4},"end":{"line":127,"column":5}},"type":"if","locations":[{"start":{"line":122,"column":4},"end":{"line":127,"column":5}},{"start":{},"end":{}}],"line":122},"3":{"loc":{"start":{"line":130,"column":6},"end":{"line":132,"column":7}},"type":"if","locations":[{"start":{"line":130,"column":6},"end":{"line":132,"column":7}},{"start":{},"end":{}}],"line":130},"4":{"loc":{"start":{"line":153,"column":4},"end":{"line":155,"column":5}},"type":"if","locations":[{"start":{"line":153,"column":4},"end":{"line":155,"column":5}},{"start":{},"end":{}}],"line":153},"5":{"loc":{"start":{"line":164,"column":4},"end":{"line":169,"column":5}},"type":"if","locations":[{"start":{"line":164,"column":4},"end":{"line":169,"column":5}},{"start":{},"end":{}}],"line":164},"6":{"loc":{"start":{"line":185,"column":10},"end":{"line":189,"column":12}},"type":"cond-expr","locations":[{"start":{"line":185,"column":34},"end":{"line":189,"column":5}},{"start":{"line":189,"column":8},"end":{"line":189,"column":12}}],"line":185}},"s":{"0":0,"1":0,"2":0,"3":0,"4":0,"5":0,"6":0,"7":0,"8":0,"9":0,"10":0,"11":0,"12":0,"13":0,"14":0,"15":0,"16":0,"17":0,"18":0,"19":0,"20":0,"21":0,"22":0,"23":0,"24":0,"25":0,"26":0,"27":0,"28":0,"29":0,"30":0,"31":0,"32":0,"33":0,"34":0,"35":0,"36":0,"37":0,"38":0,"39":0,"40":0,"41":0,"42":0,"43":0,"44":0,"45":0,"46":0,"47":0,"48":0,"49":0,"50":0,"51":0,"52":0},"f":{"0":0,"1":0,"2":0,"3":0,"4":0,"5":0,"6":0,"7":0},"b":{"0":[0,0],"1":[0,0],"2":[0,0],"3":[0,0],"4":[0,0],"5":[0,0],"6":[0,0]}}
,"/Users/haos/Projects/azure-psql-app/app/auth/sso-config.js": {"path":"/Users/haos/Projects/azure-psql-app/app/auth/sso-config.js","statementMap":{"0":{"start":{"line":5,"column":17},"end":{"line":5,"column":36}},"1":{"start":{"line":6,"column":38},"end":{"line":6,"column":79}},"2":{"start":{"line":7,"column":37},"end":{"line":7,"column":80}},"3":{"start":{"line":8,"column":16},"end":{"line":8,"column":42}},"4":{"start":{"line":9,"column":15},"end":{"line":9,"column":32}},"5":{"start":{"line":15,"column":19},"end":{"line":37,"column":1}},"6":{"start":{"line":45,"column":2},"end":{"line":47,"column":5}},"7":{"start":{"line":46,"column":4},"end":{"line":46,"column":24}},"8":{"start":{"line":49,"column":2},"end":{"line":59,"column":5}},"9":{"start":{"line":50,"column":4},"end":{"line":58,"column":5}},"10":{"start":{"line":51,"column":21},"end":{"line":54,"column":7}},"11":{"start":{"line":55,"column":6},"end":{"line":55,"column":41}},"12":{"start":{"line":57,"column":6},"end":{"line":57,"column":24}},"13":{"start":{"line":64,"column":2},"end":{"line":99,"column":4}},"14":{"start":{"line":80,"column":8},"end":{"line":96,"column":9}},"15":{"start":{"line":81,"column":23},"end":{"line":91,"column":16}},"16":{"start":{"line":93,"column":10},"end":{"line":93,"column":34}},"17":{"start":{"line":95,"column":10},"end":{"line":95,"column":35}},"18":{"start":{"line":104,"column":2},"end":{"line":135,"column":4}},"19":{"start":{"line":116,"column":8},"end":{"line":132,"column":9}},"20":{"start":{"line":117,"column":23},"end":{"line":127,"column":16}},"21":{"start":{"line":129,"column":10},"end":{"line":129,"column":34}},"22":{"start":{"line":131,"column":10},"end":{"line":131,"column":35}},"23":{"start":{"line":154,"column":6},"end":{"line":154,"column":14}},"24":{"start":{"line":156,"column":2},"end":{"line":226,"column":3}},"25":{"start":{"line":158,"column":17},"end":{"line":161,"column":5}},"26":{"start":{"line":165,"column":4},"end":{"line":213,"column":5}},"27":{"start":{"line":167,"column":6},"end":{"line":167,"column":28}},"28":{"start":{"line":169,"column":6},"end":{"line":180,"column":8}},"29":{"start":{"line":182,"column":6},"end":{"line":182,"column":28}},"30":{"start":{"line":185,"column":6},"end":{"line":202,"column":8}},"31":{"start":{"line":204,"column":6},"end":{"line":204,"column":28}},"32":{"start":{"line":207,"column":6},"end":{"line":212,"column":8}},"33":{"start":{"line":216,"column":4},"end":{"line":220,"column":11}},"34":{"start":{"line":222,"column":4},"end":{"line":222,"column":16}},"35":{"start":{"line":224,"column":4},"end":{"line":224,"column":55}},"36":{"start":{"line":225,"column":4},"end":{"line":225,"column":16}},"37":{"start":{"line":232,"column":6},"end":{"line":232,"column":17}},"38":{"start":{"line":235,"column":23},"end":{"line":235,"column":61}},"39":{"start":{"line":238,"column":20},"end":{"line":238,"column":30}},"40":{"start":{"line":239,"column":2},"end":{"line":239,"column":45}},"41":{"start":{"line":242,"column":31},"end":{"line":242,"column":56}},"42":{"start":{"line":243,"column":32},"end":{"line":243,"column":80}},"43":{"start":{"line":245,"column":2},"end":{"line":263,"column":4}},"44":{"start":{"line":265,"column":2},"end":{"line":265,"column":22}},"45":{"start":{"line":273,"column":2},"end":{"line":273,"column":26}},"46":{"start":{"line":273,"column":14},"end":{"line":273,"column":26}},"47":{"start":{"line":275,"column":20},"end":{"line":275,"column":33}},"48":{"start":{"line":276,"column":14},"end":{"line":276,"column":60}},"49":{"start":{"line":277,"column":13},"end":{"line":277,"column":35}},"50":{"start":{"line":279,"column":17},"end":{"line":279,"column":58}},"51":{"start":{"line":280,"column":18},"end":{"line":280,"column":53}},"52":{"start":{"line":281,"column":2},"end":{"line":281,"column":35}},"53":{"start":{"line":283,"column":2},"end":{"line":283,"column":46}},"54":{"start":{"line":287,"column":2},"end":{"line":287,"column":35}},"55":{"start":{"line":287,"column":23},"end":{"line":287,"column":35}},"56":{"start":{"line":289,"column":20},"end":{"line":289,"column":33}},"57":{"start":{"line":290,"column":14},"end":{"line":290,"column":60}},"58":{"start":{"line":292,"column":16},"end":{"line":292,"column":41}},"59":{"start":{"line":293,"column":13},"end":{"line":293,"column":41}},"60":{"start":{"line":294,"column":20},"end":{"line":294,"column":28}},"61":{"start":{"line":296,"column":19},"end":{"line":296,"column":62}},"62":{"start":{"line":297,"column":18},"end":{"line":297,"column":59}},"63":{"start":{"line":298,"column":2},"end":{"line":298,"column":38}},"64":{"start":{"line":300,"column":2},"end":{"line":300,"column":19}},"65":{"start":{"line":308,"column":2},"end":{"line":310,"column":3}},"66":{"start":{"line":309,"column":4},"end":{"line":309,"column":18}},"67":{"start":{"line":311,"column":2},"end":{"line":311,"column":65}},"68":{"start":{"line":315,"column":2},"end":{"line":346,"column":4}},"69":{"start":{"line":316,"column":4},"end":{"line":318,"column":5}},"70":{"start":{"line":317,"column":6},"end":{"line":317,"column":61}},"71":{"start":{"line":320,"column":4},"end":{"line":345,"column":5}},"72":{"start":{"line":321,"column":21},"end":{"line":327,"column":7}},"73":{"start":{"line":329,"column":24},"end":{"line":329,"column":63}},"74":{"start":{"line":329,"column":49},"end":{"line":329,"column":62}},"75":{"start":{"line":330,"column":22},"end":{"line":330,"column":68}},"76":{"start":{"line":330,"column":43},"end":{"line":330,"column":67}},"77":{"start":{"line":332,"column":6},"end":{"line":338,"column":7}},"78":{"start":{"line":333,"column":8},"end":{"line":337,"column":11}},"79":{"start":{"line":340,"column":6},"end":{"line":340,"column":34}},"80":{"start":{"line":341,"column":6},"end":{"line":341,"column":13}},"81":{"start":{"line":343,"column":6},"end":{"line":343,"column":48}},"82":{"start":{"line":344,"column":6},"end":{"line":344,"column":63}},"83":{"start":{"line":354,"column":2},"end":{"line":365,"column":5}},"84":{"start":{"line":372,"column":0},"end":{"line":379,"column":2}}},"fnMap":{"0":{"name":"initializePassport","decl":{"start":{"line":43,"column":9},"end":{"line":43,"column":27}},"loc":{"start":{"line":43,"column":32},"end":{"line":136,"column":1}},"line":43},"1":{"name":"(anonymous_1)","decl":{"start":{"line":45,"column":25},"end":{"line":45,"column":26}},"loc":{"start":{"line":45,"column":41},"end":{"line":47,"column":3}},"line":45},"2":{"name":"(anonymous_2)","decl":{"start":{"line":49,"column":27},"end":{"line":49,"column":28}},"loc":{"start":{"line":49,"column":47},"end":{"line":59,"column":3}},"line":49},"3":{"name":"(anonymous_3)","decl":{"start":{"line":79,"column":6},"end":{"line":79,"column":7}},"loc":{"start":{"line":79,"column":68},"end":{"line":97,"column":7}},"line":79},"4":{"name":"(anonymous_4)","decl":{"start":{"line":115,"column":6},"end":{"line":115,"column":7}},"loc":{"start":{"line":115,"column":58},"end":{"line":133,"column":7}},"line":115},"5":{"name":"findOrCreateUser","decl":{"start":{"line":142,"column":15},"end":{"line":142,"column":31}},"loc":{"start":{"line":142,"column":46},"end":{"line":227,"column":1}},"line":142},"6":{"name":"createUserSession","decl":{"start":{"line":229,"column":15},"end":{"line":229,"column":32}},"loc":{"start":{"line":229,"column":50},"end":{"line":266,"column":1}},"line":229},"7":{"name":"encryptToken","decl":{"start":{"line":272,"column":9},"end":{"line":272,"column":21}},"loc":{"start":{"line":272,"column":29},"end":{"line":284,"column":1}},"line":272},"8":{"name":"decryptToken","decl":{"start":{"line":286,"column":9},"end":{"line":286,"column":21}},"loc":{"start":{"line":286,"column":38},"end":{"line":301,"column":1}},"line":286},"9":{"name":"requireAuth","decl":{"start":{"line":307,"column":9},"end":{"line":307,"column":20}},"loc":{"start":{"line":307,"column":37},"end":{"line":312,"column":1}},"line":307},"10":{"name":"requireRole","decl":{"start":{"line":314,"column":9},"end":{"line":314,"column":20}},"loc":{"start":{"line":314,"column":31},"end":{"line":347,"column":1}},"line":314},"11":{"name":"(anonymous_11)","decl":{"start":{"line":315,"column":9},"end":{"line":315,"column":10}},"loc":{"start":{"line":315,"column":35},"end":{"line":346,"column":3}},"line":315},"12":{"name":"(anonymous_12)","decl":{"start":{"line":329,"column":40},"end":{"line":329,"column":41}},"loc":{"start":{"line":329,"column":49},"end":{"line":329,"column":62}},"line":329},"13":{"name":"(anonymous_13)","decl":{"start":{"line":330,"column":33},"end":{"line":330,"column":34}},"loc":{"start":{"line":330,"column":43},"end":{"line":330,"column":67}},"line":330},"14":{"name":"configureSession","decl":{"start":{"line":353,"column":9},"end":{"line":353,"column":25}},"loc":{"start":{"line":353,"column":28},"end":{"line":366,"column":1}},"line":353}},"branchMap":{"0":{"loc":{"start":{"line":19,"column":14},"end":{"line":19,"column":56}},"type":"binary-expr","locations":[{"start":{"line":19,"column":14},"end":{"line":19,"column":44}},{"start":{"line":19,"column":48},"end":{"line":19,"column":56}}],"line":19},"1":{"loc":{"start":{"line":21,"column":59},"end":{"line":21,"column":101}},"type":"binary-expr","locations":[{"start":{"line":21,"column":59},"end":{"line":21,"column":89}},{"start":{"line":21,"column":93},"end":{"line":21,"column":101}}],"line":21},"2":{"loc":{"start":{"line":55,"column":17},"end":{"line":55,"column":39}},"type":"binary-expr","locations":[{"start":{"line":55,"column":17},"end":{"line":55,"column":31}},{"start":{"line":55,"column":35},"end":{"line":55,"column":39}}],"line":55},"3":{"loc":{"start":{"line":83,"column":24},"end":{"line":83,"column":50}},"type":"binary-expr","locations":[{"start":{"line":83,"column":24},"end":{"line":83,"column":35}},{"start":{"line":83,"column":39},"end":{"line":83,"column":50}}],"line":83},"4":{"loc":{"start":{"line":84,"column":19},"end":{"line":84,"column":53}},"type":"binary-expr","locations":[{"start":{"line":84,"column":19},"end":{"line":84,"column":38}},{"start":{"line":84,"column":42},"end":{"line":84,"column":53}}],"line":84},"5":{"loc":{"start":{"line":165,"column":4},"end":{"line":213,"column":5}},"type":"if","locations":[{"start":{"line":165,"column":4},"end":{"line":213,"column":5}},{"start":{"line":183,"column":11},"end":{"line":213,"column":5}}],"line":165},"6":{"loc":{"start":{"line":243,"column":32},"end":{"line":243,"column":80}},"type":"cond-expr","locations":[{"start":{"line":243,"column":47},"end":{"line":243,"column":73}},{"start":{"line":243,"column":76},"end":{"line":243,"column":80}}],"line":243},"7":{"loc":{"start":{"line":273,"column":2},"end":{"line":273,"column":26}},"type":"if","locations":[{"start":{"line":273,"column":2},"end":{"line":273,"column":26}},{"start":{},"end":{}}],"line":273},"8":{"loc":{"start":{"line":287,"column":2},"end":{"line":287,"column":35}},"type":"if","locations":[{"start":{"line":287,"column":2},"end":{"line":287,"column":35}},{"start":{},"end":{}}],"line":287},"9":{"loc":{"start":{"line":308,"column":2},"end":{"line":310,"column":3}},"type":"if","locations":[{"start":{"line":308,"column":2},"end":{"line":310,"column":3}},{"start":{},"end":{}}],"line":308},"10":{"loc":{"start":{"line":316,"column":4},"end":{"line":318,"column":5}},"type":"if","locations":[{"start":{"line":316,"column":4},"end":{"line":318,"column":5}},{"start":{},"end":{}}],"line":316},"11":{"loc":{"start":{"line":332,"column":6},"end":{"line":338,"column":7}},"type":"if","locations":[{"start":{"line":332,"column":6},"end":{"line":338,"column":7}},{"start":{},"end":{}}],"line":332},"12":{"loc":{"start":{"line":355,"column":12},"end":{"line":355,"column":80}},"type":"binary-expr","locations":[{"start":{"line":355,"column":12},"end":{"line":355,"column":38}},{"start":{"line":355,"column":42},"end":{"line":355,"column":80}}],"line":355}},"s":{"0":0,"1":0,"2":0,"3":0,"4":0,"5":0,"6":0,"7":0,"8":0,"9":0,"10":0,"11":0,"12":0,"13":0,"14":0,"15":0,"16":0,"17":0,"18":0,"19":0,"20":0,"21":0,"22":0,"23":0,"24":0,"25":0,"26":0,"27":0,"28":0,"29":0,"30":0,"31":0,"32":0,"33":0,"34":0,"35":0,"36":0,"37":0,"38":0,"39":0,"40":0,"41":0,"42":0,"43":0,"44":0,"45":0,"46":0,"47":0,"48":0,"49":0,"50":0,"51":0,"52":0,"53":0,"54":0,"55":0,"56":0,"57":0,"58":0,"59":0,"60":0,"61":0,"62":0,"63":0,"64":0,"65":0,"66":0,"67":0,"68":0,"69":0,"70":0,"71":0,"72":0,"73":0,"74":0,"75":0,"76":0,"77":0,"78":0,"79":0,"80":0,"81":0,"82":0,"83":0,"84":0},"f":{"0":0,"1":0,"2":0,"3":0,"4":0,"5":0,"6":0,"7":0,"8":0,"9":0,"10":0,"11":0,"12":0,"13":0,"14":0},"b":{"0":[0,0],"1":[0,0],"2":[0,0],"3":[0,0],"4":[0,0],"5":[0,0],"6":[0,0],"7":[0,0],"8":[0,0],"9":[0,0],"10":[0,0],"11":[0,0],"12":[0,0]}}
,"/Users/haos/Projects/azure-psql-app/app/config/database.js": {"path":"/Users/haos/Projects/azure-psql-app/app/config/database.js","statementMap":{"0":{"start":{"line":1,"column":17},"end":{"line":1,"column":30}},"1":{"start":{"line":2,"column":0},"end":{"line":2,"column":27}},"2":{"start":{"line":4,"column":20},"end":{"line":4,"column":44}},"3":{"start":{"line":6,"column":0},"end":{"line":8,"column":1}},"4":{"start":{"line":7,"column":2},"end":{"line":7,"column":43}},"5":{"start":{"line":10,"column":13},"end":{"line":13,"column":2}},"6":{"start":{"line":15,"column":0},"end":{"line":15,"column":22}}},"fnMap":{},"branchMap":{"0":{"loc":{"start":{"line":6,"column":0},"end":{"line":8,"column":1}},"type":"if","locations":[{"start":{"line":6,"column":0},"end":{"line":8,"column":1}},{"start":{},"end":{}}],"line":6}},"s":{"0":0,"1":0,"2":0,"3":0,"4":0,"5":0,"6":0},"f":{},"b":{"0":[0,0]}}
,"/Users/haos/Projects/azure-psql-app/app/routes/calendar-routes.js": {"path":"/Users/haos/Projects/azure-psql-app/app/routes/calendar-routes.js","statementMap":{"0":{"start":{"line":5,"column":16},"end":{"line":5,"column":34}},"1":{"start":{"line":7,"column":15},"end":{"line":7,"column":31}},"2":{"start":{"line":8,"column":24},"end":{"line":8,"column":53}},"3":{"start":{"line":15,"column":0},"end":{"line":62,"column":3}},"4":{"start":{"line":16,"column":2},"end":{"line":61,"column":3}},"5":{"start":{"line":17,"column":19},"end":{"line":17,"column":33}},"6":{"start":{"line":18,"column":33},"end":{"line":18,"column":42}},"7":{"start":{"line":20,"column":16},"end":{"line":35,"column":5}},"8":{"start":{"line":37,"column":19},"end":{"line":37,"column":32}},"9":{"start":{"line":38,"column":21},"end":{"line":38,"column":22}},"10":{"start":{"line":41,"column":4},"end":{"line":45,"column":5}},"11":{"start":{"line":42,"column":6},"end":{"line":42,"column":90}},"12":{"start":{"line":43,"column":6},"end":{"line":43,"column":30}},"13":{"start":{"line":44,"column":6},"end":{"line":44,"column":22}},"14":{"start":{"line":48,"column":4},"end":{"line":52,"column":5}},"15":{"start":{"line":49,"column":6},"end":{"line":49,"column":52}},"16":{"start":{"line":50,"column":6},"end":{"line":50,"column":24}},"17":{"start":{"line":51,"column":6},"end":{"line":51,"column":19}},"18":{"start":{"line":54,"column":4},"end":{"line":54,"column":56}},"19":{"start":{"line":56,"column":19},"end":{"line":56,"column":48}},"20":{"start":{"line":57,"column":4},"end":{"line":57,"column":38}},"21":{"start":{"line":59,"column":4},"end":{"line":59,"column":51}},"22":{"start":{"line":60,"column":4},"end":{"line":60,"column":62}},"23":{"start":{"line":65,"column":0},"end":{"line":98,"column":3}},"24":{"start":{"line":66,"column":2},"end":{"line":97,"column":3}},"25":{"start":{"line":67,"column":19},"end":{"line":67,"column":33}},"26":{"start":{"line":69,"column":19},"end":{"line":87,"column":5}},"27":{"start":{"line":89,"column":4},"end":{"line":91,"column":5}},"28":{"start":{"line":90,"column":6},"end":{"line":90,"column":64}},"29":{"start":{"line":93,"column":4},"end":{"line":93,"column":40}},"30":{"start":{"line":95,"column":4},"end":{"line":95,"column":50}},"31":{"start":{"line":96,"column":4},"end":{"line":96,"column":61}},"32":{"start":{"line":101,"column":0},"end":{"line":194,"column":3}},"33":{"start":{"line":102,"column":2},"end":{"line":193,"column":3}},"34":{"start":{"line":103,"column":19},"end":{"line":103,"column":33}},"35":{"start":{"line":116,"column":8},"end":{"line":116,"column":16}},"36":{"start":{"line":119,"column":4},"end":{"line":123,"column":5}},"37":{"start":{"line":120,"column":6},"end":{"line":122,"column":9}},"38":{"start":{"line":126,"column":4},"end":{"line":126,"column":28}},"39":{"start":{"line":128,"column":4},"end":{"line":189,"column":5}},"40":{"start":{"line":130,"column":26},"end":{"line":150,"column":7}},"41":{"start":{"line":152,"column":20},"end":{"line":152,"column":39}},"42":{"start":{"line":155,"column":6},"end":{"line":166,"column":8}},"43":{"start":{"line":169,"column":6},"end":{"line":178,"column":7}},"44":{"start":{"line":170,"column":8},"end":{"line":177,"column":9}},"45":{"start":{"line":171,"column":10},"end":{"line":176,"column":12}},"46":{"start":{"line":180,"column":6},"end":{"line":180,"column":31}},"47":{"start":{"line":182,"column":6},"end":{"line":185,"column":9}},"48":{"start":{"line":187,"column":6},"end":{"line":187,"column":33}},"49":{"start":{"line":188,"column":6},"end":{"line":188,"column":18}},"50":{"start":{"line":191,"column":4},"end":{"line":191,"column":50}},"51":{"start":{"line":192,"column":4},"end":{"line":192,"column":62}},"52":{"start":{"line":197,"column":0},"end":{"line":253,"column":3}},"53":{"start":{"line":198,"column":2},"end":{"line":252,"column":3}},"54":{"start":{"line":199,"column":19},"end":{"line":199,"column":33}},"55":{"start":{"line":200,"column":20},"end":{"line":200,"column":33}},"56":{"start":{"line":201,"column":20},"end":{"line":201,"column":28}},"57":{"start":{"line":204,"column":23},"end":{"line":207,"column":5}},"58":{"start":{"line":209,"column":4},"end":{"line":211,"column":5}},"59":{"start":{"line":210,"column":6},"end":{"line":210,"column":81}},"60":{"start":{"line":214,"column":26},"end":{"line":217,"column":5}},"61":{"start":{"line":219,"column":25},"end":{"line":219,"column":27}},"62":{"start":{"line":220,"column":19},"end":{"line":220,"column":21}},"63":{"start":{"line":221,"column":21},"end":{"line":221,"column":22}},"64":{"start":{"line":223,"column":4},"end":{"line":230,"column":5}},"65":{"start":{"line":224,"column":23},"end":{"line":224,"column":67}},"66":{"start":{"line":225,"column":6},"end":{"line":229,"column":7}},"67":{"start":{"line":226,"column":8},"end":{"line":226,"column":58}},"68":{"start":{"line":227,"column":8},"end":{"line":227,"column":27}},"69":{"start":{"line":228,"column":8},"end":{"line":228,"column":21}},"70":{"start":{"line":232,"column":4},"end":{"line":234,"column":5}},"71":{"start":{"line":233,"column":6},"end":{"line":233,"column":74}},"72":{"start":{"line":236,"column":4},"end":{"line":236,"column":25}},"73":{"start":{"line":237,"column":18},"end":{"line":242,"column":5}},"74":{"start":{"line":244,"column":19},"end":{"line":244,"column":48}},"75":{"start":{"line":245,"column":4},"end":{"line":248,"column":7}},"76":{"start":{"line":250,"column":4},"end":{"line":250,"column":50}},"77":{"start":{"line":251,"column":4},"end":{"line":251,"column":62}},"78":{"start":{"line":256,"column":0},"end":{"line":274,"column":3}},"79":{"start":{"line":257,"column":2},"end":{"line":273,"column":3}},"80":{"start":{"line":258,"column":19},"end":{"line":258,"column":33}},"81":{"start":{"line":260,"column":19},"end":{"line":263,"column":5}},"82":{"start":{"line":265,"column":4},"end":{"line":267,"column":5}},"83":{"start":{"line":266,"column":6},"end":{"line":266,"column":81}},"84":{"start":{"line":269,"column":4},"end":{"line":269,"column":56}},"85":{"start":{"line":271,"column":4},"end":{"line":271,"column":50}},"86":{"start":{"line":272,"column":4},"end":{"line":272,"column":62}},"87":{"start":{"line":281,"column":0},"end":{"line":301,"column":3}},"88":{"start":{"line":282,"column":2},"end":{"line":300,"column":3}},"89":{"start":{"line":283,"column":19},"end":{"line":283,"column":33}},"90":{"start":{"line":285,"column":19},"end":{"line":294,"column":5}},"91":{"start":{"line":296,"column":4},"end":{"line":296,"column":41}},"92":{"start":{"line":298,"column":4},"end":{"line":298,"column":54}},"93":{"start":{"line":299,"column":4},"end":{"line":299,"column":74}},"94":{"start":{"line":304,"column":0},"end":{"line":334,"column":3}},"95":{"start":{"line":305,"column":2},"end":{"line":333,"column":3}},"96":{"start":{"line":306,"column":19},"end":{"line":306,"column":33}},"97":{"start":{"line":309,"column":8},"end":{"line":309,"column":16}},"98":{"start":{"line":311,"column":4},"end":{"line":315,"column":5}},"99":{"start":{"line":312,"column":6},"end":{"line":314,"column":9}},"100":{"start":{"line":317,"column":19},"end":{"line":324,"column":5}},"101":{"start":{"line":326,"column":4},"end":{"line":329,"column":7}},"102":{"start":{"line":331,"column":4},"end":{"line":331,"column":55}},"103":{"start":{"line":332,"column":4},"end":{"line":332,"column":75}},"104":{"start":{"line":337,"column":0},"end":{"line":355,"column":3}},"105":{"start":{"line":338,"column":2},"end":{"line":354,"column":3}},"106":{"start":{"line":339,"column":19},"end":{"line":339,"column":33}},"107":{"start":{"line":341,"column":19},"end":{"line":344,"column":5}},"108":{"start":{"line":346,"column":4},"end":{"line":348,"column":5}},"109":{"start":{"line":347,"column":6},"end":{"line":347,"column":67}},"110":{"start":{"line":350,"column":4},"end":{"line":350,"column":73}},"111":{"start":{"line":352,"column":4},"end":{"line":352,"column":58}},"112":{"start":{"line":353,"column":4},"end":{"line":353,"column":78}},"113":{"start":{"line":358,"column":0},"end":{"line":381,"column":3}},"114":{"start":{"line":359,"column":2},"end":{"line":380,"column":3}},"115":{"start":{"line":360,"column":19},"end":{"line":360,"column":33}},"116":{"start":{"line":361,"column":27},"end":{"line":361,"column":35}},"117":{"start":{"line":366,"column":4},"end":{"line":371,"column":6}},"118":{"start":{"line":373,"column":4},"end":{"line":376,"column":7}},"119":{"start":{"line":378,"column":4},"end":{"line":378,"column":52}},"120":{"start":{"line":379,"column":4},"end":{"line":379,"column":63}},"121":{"start":{"line":383,"column":0},"end":{"line":383,"column":24}}},"fnMap":{"0":{"name":"(anonymous_0)","decl":{"start":{"line":15,"column":35},"end":{"line":15,"column":36}},"loc":{"start":{"line":15,"column":55},"end":{"line":62,"column":1}},"line":15},"1":{"name":"(anonymous_1)","decl":{"start":{"line":65,"column":39},"end":{"line":65,"column":40}},"loc":{"start":{"line":65,"column":59},"end":{"line":98,"column":1}},"line":65},"2":{"name":"(anonymous_2)","decl":{"start":{"line":101,"column":36},"end":{"line":101,"column":37}},"loc":{"start":{"line":101,"column":56},"end":{"line":194,"column":1}},"line":101},"3":{"name":"(anonymous_3)","decl":{"start":{"line":197,"column":39},"end":{"line":197,"column":40}},"loc":{"start":{"line":197,"column":59},"end":{"line":253,"column":1}},"line":197},"4":{"name":"(anonymous_4)","decl":{"start":{"line":256,"column":42},"end":{"line":256,"column":43}},"loc":{"start":{"line":256,"column":62},"end":{"line":274,"column":1}},"line":256},"5":{"name":"(anonymous_5)","decl":{"start":{"line":281,"column":38},"end":{"line":281,"column":39}},"loc":{"start":{"line":281,"column":58},"end":{"line":301,"column":1}},"line":281},"6":{"name":"(anonymous_6)","decl":{"start":{"line":304,"column":39},"end":{"line":304,"column":40}},"loc":{"start":{"line":304,"column":59},"end":{"line":334,"column":1}},"line":304},"7":{"name":"(anonymous_7)","decl":{"start":{"line":337,"column":45},"end":{"line":337,"column":46}},"loc":{"start":{"line":337,"column":65},"end":{"line":355,"column":1}},"line":337},"8":{"name":"(anonymous_8)","decl":{"start":{"line":358,"column":34},"end":{"line":358,"column":35}},"loc":{"start":{"line":358,"column":54},"end":{"line":381,"column":1}},"line":358}},"branchMap":{"0":{"loc":{"start":{"line":41,"column":4},"end":{"line":45,"column":5}},"type":"if","locations":[{"start":{"line":41,"column":4},"end":{"line":45,"column":5}},{"start":{},"end":{}}],"line":41},"1":{"loc":{"start":{"line":41,"column":8},"end":{"line":41,"column":20}},"type":"binary-expr","locations":[{"start":{"line":41,"column":8},"end":{"line":41,"column":13}},{"start":{"line":41,"column":17},"end":{"line":41,"column":20}}],"line":41},"2":{"loc":{"start":{"line":48,"column":4},"end":{"line":52,"column":5}},"type":"if","locations":[{"start":{"line":48,"column":4},"end":{"line":52,"column":5}},{"start":{},"end":{}}],"line":48},"3":{"loc":{"start":{"line":89,"column":4},"end":{"line":91,"column":5}},"type":"if","locations":[{"start":{"line":89,"column":4},"end":{"line":91,"column":5}},{"start":{},"end":{}}],"line":89},"4":{"loc":{"start":{"line":119,"column":4},"end":{"line":123,"column":5}},"type":"if","locations":[{"start":{"line":119,"column":4},"end":{"line":123,"column":5}},{"start":{},"end":{}}],"line":119},"5":{"loc":{"start":{"line":119,"column":8},"end":{"line":119,"column":40}},"type":"binary-expr","locations":[{"start":{"line":119,"column":8},"end":{"line":119,"column":14}},{"start":{"line":119,"column":18},"end":{"line":119,"column":28}},{"start":{"line":119,"column":32},"end":{"line":119,"column":40}}],"line":119},"6":{"loc":{"start":{"line":144,"column":10},"end":{"line":144,"column":27}},"type":"binary-expr","locations":[{"start":{"line":144,"column":10},"end":{"line":144,"column":18}},{"start":{"line":144,"column":22},"end":{"line":144,"column":27}}],"line":144},"7":{"loc":{"start":{"line":145,"column":10},"end":{"line":145,"column":27}},"type":"binary-expr","locations":[{"start":{"line":145,"column":10},"end":{"line":145,"column":18}},{"start":{"line":145,"column":22},"end":{"line":145,"column":27}}],"line":145},"8":{"loc":{"start":{"line":146,"column":10},"end":{"line":146,"column":30}},"type":"binary-expr","locations":[{"start":{"line":146,"column":10},"end":{"line":146,"column":19}},{"start":{"line":146,"column":23},"end":{"line":146,"column":30}}],"line":146},"9":{"loc":{"start":{"line":147,"column":10},"end":{"line":147,"column":33}},"type":"binary-expr","locations":[{"start":{"line":147,"column":10},"end":{"line":147,"column":20}},{"start":{"line":147,"column":24},"end":{"line":147,"column":33}}],"line":147},"10":{"loc":{"start":{"line":169,"column":6},"end":{"line":178,"column":7}},"type":"if","locations":[{"start":{"line":169,"column":6},"end":{"line":178,"column":7}},{"start":{},"end":{}}],"line":169},"11":{"loc":{"start":{"line":169,"column":10},"end":{"line":169,"column":43}},"type":"binary-expr","locations":[{"start":{"line":169,"column":10},"end":{"line":169,"column":19}},{"start":{"line":169,"column":23},"end":{"line":169,"column":43}}],"line":169},"12":{"loc":{"start":{"line":209,"column":4},"end":{"line":211,"column":5}},"type":"if","locations":[{"start":{"line":209,"column":4},"end":{"line":211,"column":5}},{"start":{},"end":{}}],"line":209},"13":{"loc":{"start":{"line":225,"column":6},"end":{"line":229,"column":7}},"type":"if","locations":[{"start":{"line":225,"column":6},"end":{"line":229,"column":7}},{"start":{},"end":{}}],"line":225},"14":{"loc":{"start":{"line":232,"column":4},"end":{"line":234,"column":5}},"type":"if","locations":[{"start":{"line":232,"column":4},"end":{"line":234,"column":5}},{"start":{},"end":{}}],"line":232},"15":{"loc":{"start":{"line":265,"column":4},"end":{"line":267,"column":5}},"type":"if","locations":[{"start":{"line":265,"column":4},"end":{"line":267,"column":5}},{"start":{},"end":{}}],"line":265},"16":{"loc":{"start":{"line":311,"column":4},"end":{"line":315,"column":5}},"type":"if","locations":[{"start":{"line":311,"column":4},"end":{"line":315,"column":5}},{"start":{},"end":{}}],"line":311},"17":{"loc":{"start":{"line":311,"column":8},"end":{"line":311,"column":37}},"type":"binary-expr","locations":[{"start":{"line":311,"column":8},"end":{"line":311,"column":21}},{"start":{"line":311,"column":25},"end":{"line":311,"column":37}}],"line":311},"18":{"loc":{"start":{"line":346,"column":4},"end":{"line":348,"column":5}},"type":"if","locations":[{"start":{"line":346,"column":4},"end":{"line":348,"column":5}},{"start":{},"end":{}}],"line":346}},"s":{"0":0,"1":0,"2":0,"3":0,"4":0,"5":0,"6":0,"7":0,"8":0,"9":0,"10":0,"11":0,"12":0,"13":0,"14":0,"15":0,"16":0,"17":0,"18":0,"19":0,"20":0,"21":0,"22":0,"23":0,"24":0,"25":0,"26":0,"27":0,"28":0,"29":0,"30":0,"31":0,"32":0,"33":0,"34":0,"35":0,"36":0,"37":0,"38":0,"39":0,"40":0,"41":0,"42":0,"43":0,"44":0,"45":0,"46":0,"47":0,"48":0,"49":0,"50":0,"51":0,"52":0,"53":0,"54":0,"55":0,"56":0,"57":0,"58":0,"59":0,"60":0,"61":0,"62":0,"63":0,"64":0,"65":0,"66":0,"67":0,"68":0,"69":0,"70":0,"71":0,"72":0,"73":0,"74":0,"75":0,"76":0,"77":0,"78":0,"79":0,"80":0,"81":0,"82":0,"83":0,"84":0,"85":0,"86":0,"87":0,"88":0,"89":0,"90":0,"91":0,"92":0,"93":0,"94":0,"95":0,"96":0,"97":0,"98":0,"99":0,"100":0,"101":0,"102":0,"103":0,"104":0,"105":0,"106":0,"107":0,"108":0,"109":0,"110":0,"111":0,"112":0,"113":0,"114":0,"115":0,"116":0,"117":0,"118":0,"119":0,"120":0,"121":0},"f":{"0":0,"1":0,"2":0,"3":0,"4":0,"5":0,"6":0,"7":0,"8":0},"b":{"0":[0,0],"1":[0,0],"2":[0,0],"3":[0,0],"4":[0,0],"5":[0,0,0],"6":[0,0],"7":[0,0],"8":[0,0],"9":[0,0],"10":[0,0],"11":[0,0],"12":[0,0],"13":[0,0],"14":[0,0],"15":[0,0],"16":[0,0],"17":[0,0],"18":[0,0]}}
,"/Users/haos/Projects/azure-psql-app/app/routes/health.js": {"path":"/Users/haos/Projects/azure-psql-app/app/routes/health.js","statementMap":{"0":{"start":{"line":1,"column":16},"end":{"line":1,"column":34}},"1":{"start":{"line":3,"column":15},"end":{"line":3,"column":31}},"2":{"start":{"line":4,"column":13},"end":{"line":4,"column":42}},"3":{"start":{"line":6,"column":0},"end":{"line":28,"column":3}},"4":{"start":{"line":7,"column":2},"end":{"line":27,"column":3}},"5":{"start":{"line":9,"column":19},"end":{"line":9,"column":39}},"6":{"start":{"line":10,"column":4},"end":{"line":19,"column":5}},"7":{"start":{"line":11,"column":6},"end":{"line":11,"column":37}},"8":{"start":{"line":12,"column":6},"end":{"line":16,"column":9}},"9":{"start":{"line":18,"column":6},"end":{"line":18,"column":23}},"10":{"start":{"line":21,"column":4},"end":{"line":26,"column":7}},"11":{"start":{"line":30,"column":0},"end":{"line":30,"column":24}}},"fnMap":{"0":{"name":"(anonymous_0)","decl":{"start":{"line":6,"column":16},"end":{"line":6,"column":17}},"loc":{"start":{"line":6,"column":36},"end":{"line":28,"column":1}},"line":6}},"branchMap":{},"s":{"0":0,"1":0,"2":0,"3":0,"4":0,"5":0,"6":0,"7":0,"8":0,"9":0,"10":0,"11":0},"f":{"0":0},"b":{}}
,"/Users/haos/Projects/azure-psql-app/app/routes/index.js": {"path":"/Users/haos/Projects/azure-psql-app/app/routes/index.js","statementMap":{"0":{"start":{"line":1,"column":16},"end":{"line":1,"column":34}},"1":{"start":{"line":3,"column":15},"end":{"line":3,"column":31}},"2":{"start":{"line":4,"column":20},"end":{"line":4,"column":38}},"3":{"start":{"line":5,"column":21},"end":{"line":5,"column":40}},"4":{"start":{"line":6,"column":18},"end":{"line":6,"column":34}},"5":{"start":{"line":9,"column":0},"end":{"line":9,"column":34}},"6":{"start":{"line":10,"column":0},"end":{"line":10,"column":36}},"7":{"start":{"line":16,"column":0},"end":{"line":19,"column":2}}},"fnMap":{},"branchMap":{},"s":{"0":0,"1":0,"2":0,"3":0,"4":0,"5":0,"6":0,"7":0},"f":{},"b":{}}
,"/Users/haos/Projects/azure-psql-app/app/routes/meeting-routes.js": {"path":"/Users/haos/Projects/azure-psql-app/app/routes/meeting-routes.js","statementMap":{"0":{"start":{"line":5,"column":16},"end":{"line":5,"column":34}},"1":{"start":{"line":7,"column":15},"end":{"line":7,"column":31}},"2":{"start":{"line":8,"column":24},"end":{"line":8,"column":53}},"3":{"start":{"line":15,"column":0},"end":{"line":65,"column":3}},"4":{"start":{"line":16,"column":2},"end":{"line":64,"column":3}},"5":{"start":{"line":17,"column":19},"end":{"line":17,"column":33}},"6":{"start":{"line":18,"column":39},"end":{"line":18,"column":48}},"7":{"start":{"line":20,"column":16},"end":{"line":37,"column":5}},"8":{"start":{"line":39,"column":19},"end":{"line":39,"column":32}},"9":{"start":{"line":40,"column":21},"end":{"line":40,"column":22}},"10":{"start":{"line":42,"column":4},"end":{"line":46,"column":5}},"11":{"start":{"line":43,"column":6},"end":{"line":43,"column":49}},"12":{"start":{"line":44,"column":6},"end":{"line":44,"column":26}},"13":{"start":{"line":45,"column":6},"end":{"line":45,"column":19}},"14":{"start":{"line":48,"column":4},"end":{"line":50,"column":5}},"15":{"start":{"line":49,"column":6},"end":{"line":49,"column":44}},"16":{"start":{"line":52,"column":4},"end":{"line":54,"column":5}},"17":{"start":{"line":53,"column":6},"end":{"line":53,"column":42}},"18":{"start":{"line":56,"column":4},"end":{"line":57,"column":44}},"19":{"start":{"line":59,"column":19},"end":{"line":59,"column":48}},"20":{"start":{"line":60,"column":4},"end":{"line":60,"column":40}},"21":{"start":{"line":62,"column":4},"end":{"line":62,"column":53}},"22":{"start":{"line":63,"column":4},"end":{"line":63,"column":64}},"23":{"start":{"line":68,"column":0},"end":{"line":188,"column":3}},"24":{"start":{"line":69,"column":2},"end":{"line":187,"column":3}},"25":{"start":{"line":70,"column":19},"end":{"line":70,"column":33}},"26":{"start":{"line":84,"column":8},"end":{"line":84,"column":16}},"27":{"start":{"line":87,"column":4},"end":{"line":91,"column":5}},"28":{"start":{"line":88,"column":6},"end":{"line":90,"column":9}},"29":{"start":{"line":94,"column":4},"end":{"line":112,"column":5}},"30":{"start":{"line":95,"column":23},"end":{"line":105,"column":7}},"31":{"start":{"line":107,"column":6},"end":{"line":111,"column":7}},"32":{"start":{"line":108,"column":8},"end":{"line":110,"column":11}},"33":{"start":{"line":114,"column":4},"end":{"line":114,"column":28}},"34":{"start":{"line":116,"column":4},"end":{"line":183,"column":5}},"35":{"start":{"line":118,"column":28},"end":{"line":130,"column":7}},"36":{"start":{"line":132,"column":22},"end":{"line":132,"column":43}},"37":{"start":{"line":135,"column":6},"end":{"line":140,"column":8}},"38":{"start":{"line":143,"column":6},"end":{"line":152,"column":7}},"39":{"start":{"line":144,"column":8},"end":{"line":151,"column":9}},"40":{"start":{"line":145,"column":10},"end":{"line":150,"column":12}},"41":{"start":{"line":155,"column":29},"end":{"line":166,"column":7}},"42":{"start":{"line":169,"column":6},"end":{"line":172,"column":8}},"43":{"start":{"line":174,"column":6},"end":{"line":174,"column":31}},"44":{"start":{"line":176,"column":6},"end":{"line":179,"column":9}},"45":{"start":{"line":181,"column":6},"end":{"line":181,"column":33}},"46":{"start":{"line":182,"column":6},"end":{"line":182,"column":18}},"47":{"start":{"line":185,"column":4},"end":{"line":185,"column":54}},"48":{"start":{"line":186,"column":4},"end":{"line":186,"column":66}},"49":{"start":{"line":191,"column":0},"end":{"line":232,"column":3}},"50":{"start":{"line":192,"column":2},"end":{"line":231,"column":3}},"51":{"start":{"line":193,"column":19},"end":{"line":193,"column":33}},"52":{"start":{"line":195,"column":19},"end":{"line":221,"column":5}},"53":{"start":{"line":223,"column":4},"end":{"line":225,"column":5}},"54":{"start":{"line":224,"column":6},"end":{"line":224,"column":66}},"55":{"start":{"line":227,"column":4},"end":{"line":227,"column":42}},"56":{"start":{"line":229,"column":4},"end":{"line":229,"column":52}},"57":{"start":{"line":230,"column":4},"end":{"line":230,"column":63}},"58":{"start":{"line":235,"column":0},"end":{"line":261,"column":3}},"59":{"start":{"line":236,"column":2},"end":{"line":260,"column":3}},"60":{"start":{"line":237,"column":19},"end":{"line":237,"column":33}},"61":{"start":{"line":238,"column":35},"end":{"line":238,"column":43}},"62":{"start":{"line":240,"column":19},"end":{"line":248,"column":5}},"63":{"start":{"line":250,"column":4},"end":{"line":252,"column":5}},"64":{"start":{"line":251,"column":6},"end":{"line":251,"column":83}},"65":{"start":{"line":256,"column":4},"end":{"line":256,"column":60}},"66":{"start":{"line":258,"column":4},"end":{"line":258,"column":54}},"67":{"start":{"line":259,"column":4},"end":{"line":259,"column":64}},"68":{"start":{"line":264,"column":0},"end":{"line":285,"column":3}},"69":{"start":{"line":265,"column":2},"end":{"line":284,"column":3}},"70":{"start":{"line":266,"column":19},"end":{"line":266,"column":33}},"71":{"start":{"line":268,"column":19},"end":{"line":274,"column":5}},"72":{"start":{"line":276,"column":4},"end":{"line":278,"column":5}},"73":{"start":{"line":277,"column":6},"end":{"line":277,"column":82}},"74":{"start":{"line":280,"column":4},"end":{"line":280,"column":53}},"75":{"start":{"line":282,"column":4},"end":{"line":282,"column":47}},"76":{"start":{"line":283,"column":4},"end":{"line":283,"column":58}},"77":{"start":{"line":292,"column":0},"end":{"line":312,"column":3}},"78":{"start":{"line":293,"column":2},"end":{"line":311,"column":3}},"79":{"start":{"line":294,"column":19},"end":{"line":294,"column":33}},"80":{"start":{"line":295,"column":23},"end":{"line":295,"column":32}},"81":{"start":{"line":297,"column":16},"end":{"line":297,"column":45}},"82":{"start":{"line":298,"column":19},"end":{"line":298,"column":21}},"83":{"start":{"line":300,"column":4},"end":{"line":302,"column":5}},"84":{"start":{"line":301,"column":6},"end":{"line":301,"column":41}},"85":{"start":{"line":304,"column":4},"end":{"line":304,"column":34}},"86":{"start":{"line":306,"column":19},"end":{"line":306,"column":48}},"87":{"start":{"line":307,"column":4},"end":{"line":307,"column":37}},"88":{"start":{"line":309,"column":4},"end":{"line":309,"column":50}},"89":{"start":{"line":310,"column":4},"end":{"line":310,"column":61}},"90":{"start":{"line":315,"column":0},"end":{"line":372,"column":3}},"91":{"start":{"line":316,"column":2},"end":{"line":371,"column":3}},"92":{"start":{"line":317,"column":19},"end":{"line":317,"column":33}},"93":{"start":{"line":320,"column":8},"end":{"line":320,"column":17}},"94":{"start":{"line":322,"column":4},"end":{"line":326,"column":5}},"95":{"start":{"line":323,"column":6},"end":{"line":325,"column":9}},"96":{"start":{"line":328,"column":16},"end":{"line":332,"column":5}},"97":{"start":{"line":333,"column":19},"end":{"line":333,"column":21}},"98":{"start":{"line":334,"column":21},"end":{"line":334,"column":22}},"99":{"start":{"line":337,"column":4},"end":{"line":341,"column":5}},"100":{"start":{"line":338,"column":6},"end":{"line":338,"column":51}},"101":{"start":{"line":339,"column":6},"end":{"line":339,"column":38}},"102":{"start":{"line":340,"column":6},"end":{"line":340,"column":19}},"103":{"start":{"line":344,"column":4},"end":{"line":348,"column":5}},"104":{"start":{"line":345,"column":6},"end":{"line":345,"column":58}},"105":{"start":{"line":346,"column":6},"end":{"line":346,"column":55}},"106":{"start":{"line":347,"column":6},"end":{"line":347,"column":19}},"107":{"start":{"line":351,"column":4},"end":{"line":363,"column":6}},"108":{"start":{"line":364,"column":4},"end":{"line":364,"column":36}},"109":{"start":{"line":366,"column":19},"end":{"line":366,"column":48}},"110":{"start":{"line":367,"column":4},"end":{"line":367,"column":37}},"111":{"start":{"line":369,"column":4},"end":{"line":369,"column":59}},"112":{"start":{"line":370,"column":4},"end":{"line":370,"column":70}},"113":{"start":{"line":375,"column":0},"end":{"line":402,"column":3}},"114":{"start":{"line":376,"column":2},"end":{"line":401,"column":3}},"115":{"start":{"line":377,"column":19},"end":{"line":377,"column":33}},"116":{"start":{"line":378,"column":21},"end":{"line":378,"column":30}},"117":{"start":{"line":380,"column":23},"end":{"line":380,"column":65}},"118":{"start":{"line":381,"column":21},"end":{"line":381,"column":84}},"119":{"start":{"line":383,"column":19},"end":{"line":395,"column":5}},"120":{"start":{"line":397,"column":4},"end":{"line":397,"column":40}},"121":{"start":{"line":399,"column":4},"end":{"line":399,"column":58}},"122":{"start":{"line":400,"column":4},"end":{"line":400,"column":69}},"123":{"start":{"line":404,"column":0},"end":{"line":404,"column":24}}},"fnMap":{"0":{"name":"(anonymous_0)","decl":{"start":{"line":15,"column":29},"end":{"line":15,"column":30}},"loc":{"start":{"line":15,"column":49},"end":{"line":65,"column":1}},"line":15},"1":{"name":"(anonymous_1)","decl":{"start":{"line":68,"column":30},"end":{"line":68,"column":31}},"loc":{"start":{"line":68,"column":50},"end":{"line":188,"column":1}},"line":68},"2":{"name":"(anonymous_2)","decl":{"start":{"line":191,"column":32},"end":{"line":191,"column":33}},"loc":{"start":{"line":191,"column":52},"end":{"line":232,"column":1}},"line":191},"3":{"name":"(anonymous_3)","decl":{"start":{"line":235,"column":35},"end":{"line":235,"column":36}},"loc":{"start":{"line":235,"column":55},"end":{"line":261,"column":1}},"line":235},"4":{"name":"(anonymous_4)","decl":{"start":{"line":264,"column":41},"end":{"line":264,"column":42}},"loc":{"start":{"line":264,"column":61},"end":{"line":285,"column":1}},"line":264},"5":{"name":"(anonymous_5)","decl":{"start":{"line":292,"column":34},"end":{"line":292,"column":35}},"loc":{"start":{"line":292,"column":54},"end":{"line":312,"column":1}},"line":292},"6":{"name":"(anonymous_6)","decl":{"start":{"line":315,"column":44},"end":{"line":315,"column":45}},"loc":{"start":{"line":315,"column":64},"end":{"line":372,"column":1}},"line":315},"7":{"name":"(anonymous_7)","decl":{"start":{"line":375,"column":47},"end":{"line":375,"column":48}},"loc":{"start":{"line":375,"column":67},"end":{"line":402,"column":1}},"line":375}},"branchMap":{"0":{"loc":{"start":{"line":42,"column":4},"end":{"line":46,"column":5}},"type":"if","locations":[{"start":{"line":42,"column":4},"end":{"line":46,"column":5}},{"start":{},"end":{}}],"line":42},"1":{"loc":{"start":{"line":48,"column":4},"end":{"line":50,"column":5}},"type":"if","locations":[{"start":{"line":48,"column":4},"end":{"line":50,"column":5}},{"start":{},"end":{}}],"line":48},"2":{"loc":{"start":{"line":52,"column":4},"end"
[...]
{"start":{"line":34,"column":6},"end":{"line":34,"column":63}},"18":{"start":{"line":36,"column":4},"end":{"line":36,"column":22}},"19":{"start":{"line":38,"column":4},"end":{"line":38,"column":47}},"20":{"start":{"line":39,"column":4},"end":{"line":39,"column":49}},"21":{"start":{"line":41,"column":4},"end":{"line":41,"column":21}},"22":{"start":{"line":46,"column":0},"end":{"line":70,"column":3}},"23":{"start":{"line":49,"column":6},"end":{"line":49,"column":14}},"24":{"start":{"line":51,"column":2},"end":{"line":53,"column":3}},"25":{"start":{"line":52,"column":4},"end":{"line":52,"column":77}},"26":{"start":{"line":55,"column":17},"end":{"line":55,"column":37}},"27":{"start":{"line":56,"column":2},"end":{"line":69,"column":3}},"28":{"start":{"line":57,"column":21},"end":{"line":62,"column":5}},"29":{"start":{"line":63,"column":4},"end":{"line":63,"column":34}},"30":{"start":{"line":65,"column":4},"end":{"line":65,"column":47}},"31":{"start":{"line":66,"column":4},"end":{"line":66,"column":49}},"32":{"start":{"line":68,"column":4},"end":{"line":68,"column":21}},"33":{"start":{"line":73,"column":0},"end":{"line":104,"column":3}},"34":{"start":{"line":74,"column":17},"end":{"line":74,"column":27}},"35":{"start":{"line":77,"column":6},"end":{"line":77,"column":14}},"36":{"start":{"line":79,"column":2},"end":{"line":81,"column":3}},"37":{"start":{"line":80,"column":4},"end":{"line":80,"column":77}},"38":{"start":{"line":83,"column":17},"end":{"line":83,"column":37}},"39":{"start":{"line":84,"column":2},"end":{"line":103,"column":3}},"40":{"start":{"line":85,"column":21},"end":{"line":91,"column":5}},"41":{"start":{"line":93,"column":4},"end":{"line":95,"column":5}},"42":{"start":{"line":94,"column":6},"end":{"line":94,"column":63}},"43":{"start":{"line":97,"column":4},"end":{"line":97,"column":22}},"44":{"start":{"line":99,"column":4},"end":{"line":99,"column":47}},"45":{"start":{"line":100,"column":4},"end":{"line":100,"column":49}},"46":{"start":{"line":102,"column":4},"end":{"line":102,"column":21}},"47":{"start":{"line":107,"column":0},"end":{"line":124,"column":3}},"48":{"start":{"line":108,"column":17},"end":{"line":108,"column":27}},"49":{"start":{"line":109,"column":17},"end":{"line":109,"column":37}},"50":{"start":{"line":110,"column":2},"end":{"line":123,"column":3}},"51":{"start":{"line":111,"column":25},"end":{"line":111,"column":84}},"52":{"start":{"line":113,"column":4},"end":{"line":115,"column":5}},"53":{"start":{"line":114,"column":6},"end":{"line":114,"column":63}},"54":{"start":{"line":117,"column":4},"end":{"line":117,"column":27}},"55":{"start":{"line":119,"column":4},"end":{"line":119,"column":47}},"56":{"start":{"line":120,"column":4},"end":{"line":120,"column":49}},"57":{"start":{"line":122,"column":4},"end":{"line":122,"column":21}},"58":{"start":{"line":126,"column":0},"end":{"line":126,"column":24}}},"fnMap":{"0":{"name":"(anonymous_0)","decl":{"start":{"line":7,"column":16},"end":{"line":7,"column":17}},"loc":{"start":{"line":7,"column":36},"end":{"line":22,"column":1}},"line":7},"1":{"name":"(anonymous_1)","decl":{"start":{"line":25,"column":19},"end":{"line":25,"column":20}},"loc":{"start":{"line":25,"column":39},"end":{"line":43,"column":1}},"line":25},"2":{"name":"(anonymous_2)","decl":{"start":{"line":46,"column":17},"end":{"line":46,"column":18}},"loc":{"start":{"line":46,"column":37},"end":{"line":70,"column":1}},"line":46},"3":{"name":"(anonymous_3)","decl":{"start":{"line":73,"column":19},"end":{"line":73,"column":20}},"loc":{"start":{"line":73,"column":39},"end":{"line":104,"column":1}},"line":73},"4":{"name":"(anonymous_4)","decl":{"start":{"line":107,"column":22},"end":{"line":107,"column":23}},"loc":{"start":{"line":107,"column":42},"end":{"line":124,"column":1}},"line":107}},"branchMap":{"0":{"loc":{"start":{"line":33,"column":4},"end":{"line":35,"column":5}},"type":"if","locations":[{"start":{"line":33,"column":4},"end":{"line":35,"column":5}},{"start":{},"end":{}}],"line":33},"1":{"loc":{"start":{"line":51,"column":2},"end":{"line":53,"column":3}},"type":"if","locations":[{"start":{"line":51,"column":2},"end":{"line":53,"column":3}},{"start":{},"end":{}}],"line":51},"2":{"loc":{"start":{"line":51,"column":6},"end":{"line":51,"column":24}},"type":"binary-expr","locations":[{"start":{"line":51,"column":6},"end":{"line":51,"column":12}},{"start":{"line":51,"column":16},"end":{"line":51,"column":24}}],"line":51},"3":{"loc":{"start":{"line":61,"column":23},"end":{"line":61,"column":39}},"type":"binary-expr","locations":[{"start":{"line":61,"column":23},"end":{"line":61,"column":31}},{"start":{"line":61,"column":35},"end":{"line":61,"column":39}}],"line":61},"4":{"loc":{"start":{"line":61,"column":41},"end":{"line":61,"column":59}},"type":"binary-expr","locations":[{"start":{"line":61,"column":41},"end":{"line":61,"column":50}},{"start":{"line":61,"column":54},"end":{"line":61,"column":59}}],"line":61},"5":{"loc":{"start":{"line":61,"column":61},"end":{"line":61,"column":80}},"type":"binary-expr","locations":[{"start":{"line":61,"column":61},"end":{"line":61,"column":70}},{"start":{"line":61,"column":74},"end":{"line":61,"column":80}}],"line":61},"6":{"loc":{"start":{"line":61,"column":82},"end":{"line":61,"column":102}},"type":"binary-expr","locations":[{"start":{"line":61,"column":82},"end":{"line":61,"column":94}},{"start":{"line":61,"column":98},"end":{"line":61,"column":102}}],"line":61},"7":{"loc":{"start":{"line":61,"column":104},"end":{"line":61,"column":124}},"type":"binary-expr","locations":[{"start":{"line":61,"column":104},"end":{"line":61,"column":116}},{"start":{"line":61,"column":120},"end":{"line":61,"column":124}}],"line":61},"8":{"loc":{"start":{"line":79,"column":2},"end":{"line":81,"column":3}},"type":"if","locations":[{"start":{"line":79,"column":2},"end":{"line":81,"column":3}},{"start":{},"end":{}}],"line":79},"9":{"loc":{"start":{"line":79,"column":6},"end":{"line":79,"column":24}},"type":"binary-expr","locations":[{"start":{"line":79,"column":6},"end":{"line":79,"column":12}},{"start":{"line":79,"column":16},"end":{"line":79,"column":24}}],"line":79},"10":{"loc":{"start":{"line":90,"column":23},"end":{"line":90,"column":39}},"type":"binary-expr","locations":[{"start":{"line":90,"column":23},"end":{"line":90,"column":31}},{"start":{"line":90,"column":35},"end":{"line":90,"column":39}}],"line":90},"11":{"loc":{"start":{"line":90,"column":41},"end":{"line":90,"column":59}},"type":"binary-expr","locations":[{"start":{"line":90,"column":41},"end":{"line":90,"column":50}},{"start":{"line":90,"column":54},"end":{"line":90,"column":59}}],"line":90},"12":{"loc":{"start":{"line":90,"column":61},"end":{"line":90,"column":80}},"type":"binary-expr","locations":[{"start":{"line":90,"column":61},"end":{"line":90,"column":70}},{"start":{"line":90,"column":74},"end":{"line":90,"column":80}}],"line":90},"13":{"loc":{"start":{"line":90,"column":82},"end":{"line":90,"column":102}},"type":"binary-expr","locations":[{"start":{"line":90,"column":82},"end":{"line":90,"column":94}},{"start":{"line":90,"column":98},"end":{"line":90,"column":102}}],"line":90},"14":{"loc":{"start":{"line":90,"column":104},"end":{"line":90,"column":124}},"type":"binary-expr","locations":[{"start":{"line":90,"column":104},"end":{"line":90,"column":116}},{"start":{"line":90,"column":120},"end":{"line":90,"column":124}}],"line":90},"15":{"loc":{"start":{"line":93,"column":4},"end":{"line":95,"column":5}},"type":"if","locations":[{"start":{"line":93,"column":4},"end":{"line":95,"column":5}},{"start":{},"end":{}}],"line":93},"16":{"loc":{"start":{"line":113,"column":4},"end":{"line":115,"column":5}},"type":"if","locations":[{"start":{"line":113,"column":4},"end":{"line":115,"column":5}},{"start":{},"end":{}}],"line":113}},"s":{"0":0,"1":0,"2":0,"3":0,"4":0,"5":0,"6":0,"7":0,"8":0,"9":0,"10":0,"11":0,"12":0,"13":0,"14":0,"15":0,"16":0,"17":0,"18":0,"19":0,"20":0,"21":0,"22":0,"23":0,"24":0,"25":0,"26":0,"27":0,"28":0,"29":0,"30":0,"31":0,"32":0,"33":0,"34":0,"35":0,"36":0,"37":0,"38":0,"39":0,"40":0,"41":0,"42":0,"43":0,"44":0,"45":0,"46":0,"47":0,"48":0,"49":0,"50":0,"51":0,"52":0,"53":0,"54":0,"55":0,"56":0,"57":0,"58":0},"f":{"0":0,"1":0,"2":0,"3":0,"4":0},"b":{"0":[0,0],"1":[0,0],"2":[0,0],"3":[0,0],"4":[0,0],"5":[0,0],"6":[0,0],"7":[0,0],"8":[0,0],"9":[0,0],"10":[0,0],"11":[0,0],"12":[0,0],"13":[0,0],"14":[0,0],"15":[0,0],"16":[0,0]}}
,"/Users/haos/Projects/azure-psql-app/app/routes/pwa.js": {"path":"/Users/haos/Projects/azure-psql-app/app/routes/pwa.js","statementMap":{"0":{"start":{"line":1,"column":16},"end":{"line":1,"column":34}},"1":{"start":{"line":3,"column":15},"end":{"line":3,"column":31}},"2":{"start":{"line":4,"column":13},"end":{"line":4,"column":28}},"3":{"start":{"line":7,"column":0},"end":{"line":10,"column":3}},"4":{"start":{"line":8,"column":2},"end":{"line":8,"column":52}},"5":{"start":{"line":9,"column":2},"end":{"line":9,"column":67}},"6":{"start":{"line":12,"column":0},"end":{"line":16,"column":3}},"7":{"start":{"line":13,"column":2},"end":{"line":13,"column":58}},"8":{"start":{"line":14,"column":2},"end":{"line":14,"column":47}},"9":{"start":{"line":15,"column":2},"end":{"line":15,"column":71}},"10":{"start":{"line":18,"column":0},"end":{"line":18,"column":24}}},"fnMap":{"0":{"name":"(anonymous_0)","decl":{"start":{"line":7,"column":29},"end":{"line":7,"column":30}},"loc":{"start":{"line":7,"column":43},"end":{"line":10,"column":1}},"line":7},"1":{"name":"(anonymous_1)","decl":{"start":{"line":12,"column":33},"end":{"line":12,"column":34}},"loc":{"start":{"line":12,"column":47},"end":{"line":16,"column":1}},"line":12}},"branchMap":{},"s":{"0":0,"1":0,"2":0,"3":0,"4":0,"5":0,"6":0,"7":0,"8":0,"9":0,"10":0},"f":{"0":0,"1":0},"b":{}}
,"/Users/haos/Projects/azure-psql-app/app/routes/share-routes.js": {"path":"/Users/haos/Projects/azure-psql-app/app/routes/share-routes.js","statementMap":{"0":{"start":{"line":1,"column":16},"end":{"line":1,"column":34}},"1":{"start":{"line":3,"column":15},"end":{"line":3,"column":31}},"2":{"start":{"line":6,"column":24},"end":{"line":11,"column":1}},"3":{"start":{"line":7,"column":2},"end":{"line":9,"column":3}},"4":{"start":{"line":8,"column":4},"end":{"line":8,"column":18}},"5":{"start":{"line":10,"column":2},"end":{"line":10,"column":60}},"6":{"start":{"line":13,"column":0},"end":{"line":157,"column":2}},"7":{"start":{"line":15,"column":2},"end":{"line":70,"column":5}},"8":{"start":{"line":16,"column":27},"end":{"line":16,"column":37}},"9":{"start":{"line":17,"column":39},"end":{"line":17,"column":47}},"10":{"start":{"line":18,"column":21},"end":{"line":18,"column":32}},"11":{"start":{"line":20,"column":4},"end":{"line":22,"column":5}},"12":{"start":{"line":21,"column":6},"end":{"line":21,"column":87}},"13":{"start":{"line":24,"column":19},"end":{"line":24,"column":39}},"14":{"start":{"line":25,"column":4},"end":{"line":69,"column":5}},"15":{"start":{"line":26,"column":6},"end":{"line":26,"column":34}},"16":{"start":{"line":29,"column":30},"end":{"line":29,"column":98}},"17":{"start":{"line":30,"column":6},"end":{"line":32,"column":7}},"18":{"start":{"line":31,"column":8},"end":{"line":31,"column":79}},"19":{"start":{"line":33,"column":31},"end":{"line":33,"column":57}},"20":{"start":{"line":36,"column":24},"end":{"line":36,"column":95}},"21":{"start":{"line":37,"column":6},"end":{"line":39,"column":7}},"22":{"start":{"line":38,"column":8},"end":{"line":38,"column":65}},"23":{"start":{"line":40,"column":6},"end":{"line":43,"column":7}},"24":{"start":{"line":42,"column":8},"end":{"line":42,"column":83}},"25":{"start":{"line":46,"column":23},"end":{"line":52,"column":7}},"26":{"start":{"line":55,"column":6},"end":{"line":59,"column":8}},"27":{"start":{"line":61,"column":6},"end":{"line":61,"column":35}},"28":{"start":{"line":62,"column":6},"end":{"line":62,"column":36}},"29":{"start":{"line":64,"column":6},"end":{"line":64,"column":37}},"30":{"start":{"line":65,"column":6},"end":{"line":65,"column":48}},"31":{"start":{"line":66,"column":6},"end":{"line":66,"column":62}},"32":{"start":{"line":68,"column":6},"end":{"line":68,"column":23}},"33":{"start":{"line":73,"column":2},"end":{"line":105,"column":5}},"34":{"start":{"line":74,"column":27},"end":{"line":74,"column":37}},"35":{"start":{"line":75,"column":24},"end":{"line":75,"column":35}},"36":{"start":{"line":77,"column":19},"end":{"line":77,"column":39}},"37":{"start":{"line":78,"column":4},"end":{"line":104,"column":5}},"38":{"start":{"line":80,"column":25},"end":{"line":85,"column":7}},"39":{"start":{"line":87,"column":6},"end":{"line":89,"column":7}},"40":{"start":{"line":88,"column":8},"end":{"line":88,"column":64}},"41":{"start":{"line":91,"column":23},"end":{"line":97,"column":7}},"42":{"start":{"line":98,"column":6},"end":{"line":98,"column":21}},"43":{"start":{"line":100,"column":6},"end":{"line":100,"column":55}},"44":{"start":{"line":101,"column":6},"end":{"line":101,"column":80}},"45":{"start":{"line":103,"column":6},"end":{"line":103,"column":23}},"46":{"start":{"line":108,"column":2},"end":{"line":154,"column":5}},"47":{"start":{"line":109,"column":24},"end":{"line":109,"column":34}},"48":{"start":{"line":110,"column":24},"end":{"line":110,"column":35}},"49":{"start":{"line":112,"column":19},"end":{"line":112,"column":39}},"50":{"start":{"line":113,"column":4},"end":{"line":153,"column":5}},"51":{"start":{"line":114,"column":6},"end":{"line":114,"column":34}},"52":{"start":{"line":116,"column":24},"end":{"line":116,"column":123}},"53":{"start":{"line":117,"column":6},"end":{"line":119,"column":7}},"54":{"start":{"line":118,"column":8},"end":{"line":118,"column":73}},"55":{"start":{"line":120,"column":73},"end":{"line":120,"column":90}},"56":{"start":{"line":122,"column":24},"end":{"line":122,"column":95}},"57":{"start":{"line":123,"column":6},"end":{"line":125,"column":7}},"58":{"start":{"line":124,"column":8},"end":{"line":124,"column":65}},"59":{"start":{"line":128,"column":6},"end":{"line":130,"column":7}},"60":{"start":{"line":129,"column":8},"end":{"line":129,"column":98}},"61":{"start":{"line":132,"column":27},"end":{"line":132,"column":97}},"62":{"start":{"line":133,"column":6},"end":{"line":135,"column":7}},"63":{"start":{"line":134,"column":8},"end":{"line":134,"column":73}},"64":{"start":{"line":138,"column":29},"end":{"line":138,"column":108}},"65":{"start":{"line":139,"column":6},"end":{"line":143,"column":8}},"66":{"start":{"line":145,"column":6},"end":{"line":145,"column":35}},"67":{"start":{"line":146,"column":6},"end":{"line":146,"column":29}},"68":{"start":{"line":148,"column":6},"end":{"line":148,"column":37}},"69":{"start":{"line":149,"column":6},"end":{"line":149,"column":50}},"70":{"start":{"line":150,"column":6},"end":{"line":150,"column":64}},"71":{"start":{"line":152,"column":6},"end":{"line":152,"column":23}},"72":{"start":{"line":156,"column":2},"end":{"line":156,"column":16}}},"fnMap":{"0":{"name":"(anonymous_0)","decl":{"start":{"line":6,"column":24},"end":{"line":6,"column":25}},"loc":{"start":{"line":6,"column":44},"end":{"line":11,"column":1}},"line":6},"1":{"name":"(anonymous_1)","decl":{"start":{"line":13,"column":17},"end":{"line":13,"column":18}},"loc":{"start":{"line":13,"column":27},"end":{"line":157,"column":1}},"line":13},"2":{"name":"(anonymous_2)","decl":{"start":{"line":15,"column":52},"end":{"line":15,"column":53}},"loc":{"start":{"line":15,"column":72},"end":{"line":70,"column":3}},"line":15},"3":{"name":"(anonymous_3)","decl":{"start":{"line":73,"column":51},"end":{"line":73,"column":52}},"loc":{"start":{"line":73,"column":71},"end":{"line":105,"column":3}},"line":73},"4":{"name":"(anonymous_4)","decl":{"start":{"line":108,"column":53},"end":{"line":108,"column":54}},"loc":{"start":{"line":108,"column":73},"end":{"line":154,"column":3}},"line":108}},"branchMap":{"0":{"loc":{"start":{"line":7,"column":2},"end":{"line":9,"column":3}},"type":"if","locations":[{"start":{"line":7,"column":2},"end":{"line":9,"column":3}},{"start":{},"end":{}}],"line":7},"1":{"loc":{"start":{"line":20,"column":4},"end":{"line":22,"column":5}},"type":"if","locations":[{"start":{"line":20,"column":4},"end":{"line":22,"column":5}},{"start":{},"end":{}}],"line":20},"2":{"loc":{"start":{"line":20,"column":8},"end":{"line":20,"column":34}},"type":"binary-expr","locations":[{"start":{"line":20,"column":8},"end":{"line":20,"column":14}},{"start":{"line":20,"column":18},"end":{"line":20,"column":34}}],"line":20},"3":{"loc":{"start":{"line":30,"column":6},"end":{"line":32,"column":7}},"type":"if","locations":[{"start":{"line":30,"column":6},"end":{"line":32,"column":7}},{"start":{},"end":{}}],"line":30},"4":{"loc":{"start":{"line":37,"column":6},"end":{"line":39,"column":7}},"type":"if","locations":[{"start":{"line":37,"column":6},"end":{"line":39,"column":7}},{"start":{},"end":{}}],"line":37},"5":{"loc":{"start":{"line":40,"column":6},"end":{"line":43,"column":7}},"type":"if","locations":[{"start":{"line":40,"column":6},"end":{"line":43,"column":7}},{"start":{},"end":{}}],"line":40},"6":{"loc":{"start":{"line":87,"column":6},"end":{"line":89,"column":7}},"type":"if","locations":[{"start":{"line":87,"column":6},"end":{"line":89,"column":7}},{"start":{},"end":{}}],"line":87},"7":{"loc":{"start":{"line":117,"column":6},"end":{"line":119,"column":7}},"type":"if","locations":[{"start":{"line":117,"column":6},"end":{"line":119,"column":7}},{"start":{},"end":{}}],"line":117},"8":{"loc":{"start":{"line":123,"column":6},"end":{"line":125,"column":7}},"type":"if","locations":[{"start":{"line":123,"column":6},"end":{"line":125,"column":7}},{"start":{},"end":{}}],"line":123},"9":{"loc":{"start":{"line":128,"column":6},"end":{"line":130,"column":7}},"type":"if","locations":[{"start":{"line":128,"column":6},"end":{"line":130,"column":7}},{"start":{},"end":{}}],"line":128},"10":{"loc":{"start":{"line":128,"column":10},"end":{"line":128,"column":87}},"type":"binary-expr","locations":[{"start":{"line":128,"column":10},"end":{"line":128,"column":51}},{"start":{"line":128,"column":55},"end":{"line":128,"column":87}}],"line":128},"11":{"loc":{"start":{"line":133,"column":6},"end":{"line":135,"column":7}},"type":"if","locations":[{"start":{"line":133,"column":6},"end":{"line":135,"column":7}},{"start":{},"end":{}}],"line":133}},"s":{"0":0,"1":0,"2":0,"3":0,"4":0,"5":0,"6":0,"7":0,"8":0,"9":0,"10":0,"11":0,"12":0,"13":0,"14":0,"15":0,"16":0,"17":0,"18":0,"19":0,"20":0,"21":0,"22":0,"23":0,"24":0,"25":0,"26":0,"27":0,"28":0,"29":0,"30":0,"31":0,"32":0,"33":0,"34":0,"35":0,"36":0,"37":0,"38":0,"39":0,"40":0,"41":0,"42":0,"43":0,"44":0,"45":0,"46":0,"47":0,"48":0,"49":0,"50":0,"51":0,"52":0,"53":0,"54":0,"55":0,"56":0,"57":0,"58":0,"59":0,"60":0,"61":0,"62":0,"63":0,"64":0,"65":0,"66":0,"67":0,"68":0,"69":0,"70":0,"71":0,"72":0},"f":{"0":0,"1":0,"2":0,"3":0,"4":0},"b":{"0":[0,0],"1":[0,0],"2":[0,0],"3":[0,0],"4":[0,0],"5":[0,0],"6":[0,0],"7":[0,0],"8":[0,0],"9":[0,0],"10":[0,0],"11":[0,0]}}
,"/Users/haos/Projects/azure-psql-app/app/utils/db-init.js": {"path":"/Users/haos/Projects/azure-psql-app/app/utils/db-init.js","statementMap":{"0":{"start":{"line":1,"column":13},"end":{"line":1,"column":42}},"1":{"start":{"line":4,"column":17},"end":{"line":4,"column":37}},"2":{"start":{"line":5,"column":2},"end":{"line":43,"column":3}},"3":{"start":{"line":22,"column":4},"end":{"line":35,"column":7}},"4":{"start":{"line":37,"column":4},"end":{"line":37,"column":60}},"5":{"start":{"line":39,"column":4},"end":{"line":39,"column":62}},"6":{"start":{"line":40,"column":4},"end":{"line":40,"column":14}},"7":{"start":{"line":42,"column":4},"end":{"line":42,"column":21}},"8":{"start":{"line":46,"column":0},"end":{"line":46,"column":29}}},"fnMap":{"0":{"name":"ensureTable","decl":{"start":{"line":3,"column":15},"end":{"line":3,"column":26}},"loc":{"start":{"line":3,"column":29},"end":{"line":44,"column":1}},"line":3}},"branchMap":{},"s":{"0":0,"1":0,"2":0,"3":0,"4":0,"5":0,"6":0,"7":0,"8":0},"f":{"0":0},"b":{}}
}
