TN:
SF:.eslintrc.js
FNF:0
FNH:0
DA:1,0
LF:1
LH:0
BRF:0
BRH:0
end_of_record
TN:
SF:app.js
FN:109,(anonymous_0)
FNF:1
FNH:0
FNDA:0,(anonymous_0)
DA:1,0
DA:2,0
DA:3,0
DA:4,0
DA:5,0
DA:6,0
DA:7,0
DA:8,0
DA:9,0
DA:10,0
DA:12,0
DA:15,0
DA:18,0
DA:21,0
DA:25,0
DA:28,0
DA:29,0
DA:32,0
DA:35,0
DA:38,0
DA:52,0
DA:53,0
DA:54,0
DA:60,0
DA:63,0
DA:64,0
DA:65,0
DA:66,0
DA:67,0
DA:68,0
DA:69,0
DA:70,0
DA:73,0
DA:74,0
DA:76,0
DA:81,0
DA:82,0
DA:83,0
DA:84,0
DA:85,0
DA:87,0
DA:92,0
DA:93,0
DA:94,0
DA:95,0
DA:96,0
DA:98,0
DA:103,0
DA:106,0
DA:109,0
DA:111,0
DA:112,0
DA:113,0
DA:115,0
DA:118,0
LF:55
LH:0
BRDA:39,0,0,0
BRDA:39,0,1,0
BRDA:52,1,0,0
BRDA:52,1,1,0
BRDA:64,2,0,0
BRDA:64,2,1,0
BRDA:81,3,0,0
BRDA:81,3,1,0
BRDA:92,4,0,0
BRDA:92,4,1,0
BRDA:112,5,0,0
BRDA:112,5,1,0
BRDA:112,6,0,0
BRDA:112,6,1,0
BRF:14
BRH:0
end_of_record
TN:
SF:collaboration.js
FN:7,(anonymous_0)
FN:18,(anonymous_1)
FN:20,(anonymous_2)
FN:31,(anonymous_3)
FN:32,(anonymous_4)
FN:34,(anonymous_5)
FNF:6
FNH:0
FNDA:0,(anonymous_0)
FNDA:0,(anonymous_1)
FNDA:0,(anonymous_2)
FNDA:0,(anonymous_3)
FNDA:0,(anonymous_4)
FNDA:0,(anonymous_5)
DA:1,0
DA:2,0
DA:4,0
DA:5,0
DA:7,0
DA:8,0
DA:11,0
DA:12,0
DA:15,0
DA:18,0
DA:20,0
DA:21,0
DA:22,0
DA:27,0
DA:31,0
DA:32,0
DA:34,0
DA:35,0
LF:18
LH:0
BRDA:8,0,0,0
BRDA:8,0,1,0
BRDA:11,1,0,0
BRDA:11,1,1,0
BRDA:21,2,0,0
BRDA:21,2,1,0
BRDA:21,3,0,0
BRDA:21,3,1,0
BRF:8
BRH:0
end_of_record
TN:
SF:index.js
FN:123,ensureTable
FN:150,(anonymous_1)
FN:175,(anonymous_2)
FN:193,(anonymous_3)
FN:214,(anonymous_4)
FN:241,(anonymous_5)
FN:275,(anonymous_6)
FN:295,(anonymous_7)
FN:300,(anonymous_8)
FN:307,(anonymous_9)
FN:312,(anonymous_10)
FN:313,(anonymous_11)
FN:314,(anonymous_12)
FNF:13
FNH:0
FNDA:0,ensureTable
FNDA:0,(anonymous_1)
FNDA:0,(anonymous_2)
FNDA:0,(anonymous_3)
FNDA:0,(anonymous_4)
FNDA:0,(anonymous_5)
FNDA:0,(anonymous_6)
FNDA:0,(anonymous_7)
FNDA:0,(anonymous_8)
FNDA:0,(anonymous_9)
FNDA:0,(anonymous_10)
FNDA:0,(anonymous_11)
FNDA:0,(anonymous_12)
DA:1,0
DA:2,0
DA:3,0
DA:4,0
DA:5,0
DA:6,0
DA:7,0
DA:8,0
DA:9,0
DA:10,0
DA:11,0
DA:13,0
DA:14,0
DA:17,0
DA:19,0
DA:22,0
DA:25,0
DA:28,0
DA:32,0
DA:35,0
DA:36,0
DA:39,0
DA:41,0
DA:42,0
DA:43,0
DA:46,0
DA:49,0
DA:52,0
DA:66,0
DA:67,0
DA:68,0
DA:74,0
DA:77,0
DA:78,0
DA:79,0
DA:80,0
DA:81,0
DA:82,0
DA:83,0
DA:84,0
DA:87,0
DA:88,0
DA:90,0
DA:95,0
DA:96,0
DA:97,0
DA:98,0
DA:99,0
DA:101,0
DA:106,0
DA:107,0
DA:108,0
DA:109,0
DA:110,0
DA:112,0
DA:117,0
DA:119,0
DA:120,0
DA:124,0
DA:125,0
DA:127,0
DA:128,0
DA:143,0
DA:145,0
DA:150,0
DA:151,0
DA:153,0
DA:154,0
DA:155,0
DA:156,0
DA:162,0
DA:165,0
DA:175,0
DA:176,0
DA:177,0
DA:178,0
DA:183,0
DA:185,0
DA:186,0
DA:188,0
DA:193,0
DA:194,0
DA:195,0
DA:196,0
DA:197,0
DA:201,0
DA:202,0
DA:204,0
DA:206,0
DA:207,0
DA:209,0
DA:214,0
DA:217,0
DA:219,0
DA:220,0
DA:223,0
DA:224,0
DA:225,0
DA:231,0
DA:233,0
DA:234,0
DA:236,0
DA:241,0
DA:242,0
DA:245,0
DA:247,0
DA:248,0
DA:251,0
DA:252,0
DA:253,0
DA:261,0
DA:262,0
DA:265,0
DA:267,0
DA:268,0
DA:270,0
DA:275,0
DA:276,0
DA:277,0
DA:278,0
DA:279,0
DA:281,0
DA:282,0
DA:285,0
DA:287,0
DA:288,0
DA:290,0
DA:295,0
DA:296,0
DA:297,0
DA:300,0
DA:301,0
DA:302,0
DA:303,0
DA:307,0
DA:308,0
DA:311,0
DA:312,0
DA:313,0
DA:314,0
DA:316,0
LF:141
LH:0
BRDA:42,0,0,0
BRDA:42,0,1,0
BRDA:53,1,0,0
BRDA:53,1,1,0
BRDA:66,2,0,0
BRDA:66,2,1,0
BRDA:78,3,0,0
BRDA:78,3,1,0
BRDA:95,4,0,0
BRDA:95,4,1,0
BRDA:106,5,0,0
BRDA:106,5,1,0
BRDA:201,6,0,0
BRDA:201,6,1,0
BRDA:219,7,0,0
BRDA:219,7,1,0
BRDA:219,8,0,0
BRDA:219,8,1,0
BRDA:229,9,0,0
BRDA:229,9,1,0
BRDA:229,10,0,0
BRDA:229,10,1,0
BRDA:229,11,0,0
BRDA:229,11,1,0
BRDA:229,12,0,0
BRDA:229,12,1,0
BRDA:229,13,0,0
BRDA:229,13,1,0
BRDA:247,14,0,0
BRDA:247,14,1,0
BRDA:247,15,0,0
BRDA:247,15,1,0
BRDA:258,16,0,0
BRDA:258,16,1,0
BRDA:258,17,0,0
BRDA:258,17,1,0
BRDA:258,18,0,0
BRDA:258,18,1,0
BRDA:258,19,0,0
BRDA:258,19,1,0
BRDA:258,20,0,0
BRDA:258,20,1,0
BRDA:261,21,0,0
BRDA:261,21,1,0
BRDA:281,22,0,0
BRDA:281,22,1,0
BRDA:311,23,0,0
BRDA:311,23,1,0
BRF:48
BRH:0
end_of_record
TN:
SF:server.js
FN:6,(anonymous_0)
FN:7,(anonymous_1)
FN:8,(anonymous_2)
FNF:3
FNH:0
FNDA:0,(anonymous_0)
FNDA:0,(anonymous_1)
FNDA:0,(anonymous_2)
DA:1,0
DA:2,0
DA:4,0
DA:6,0
DA:7,0
DA:9,0
DA:10,0
LF:7
LH:0
BRDA:4,0,0,0
BRDA:4,0,1,0
BRF:2
BRH:0
end_of_record
TN:
SF:auth/auth-routes.js
FN:30,(anonymous_0)
FN:61,(anonymous_1)
FN:72,(anonymous_2)
FN:112,(anonymous_3)
FN:115,(anonymous_4)
FN:129,(anonymous_5)
FN:140,(anonymous_6)
FN:182,(anonymous_7)
FNF:8
FNH:0
FNDA:0,(anonymous_0)
FNDA:0,(anonymous_1)
FNDA:0,(anonymous_2)
FNDA:0,(anonymous_3)
FNDA:0,(anonymous_4)
FNDA:0,(anonymous_5)
FNDA:0,(anonymous_6)
FNDA:0,(anonymous_7)
DA:5,0
DA:6,0
DA:8,0
DA:9,0
DA:16,0
DA:25,0
DA:32,0
DA:41,0
DA:56,0
DA:63,0
DA:72,0
DA:73,0
DA:74,0
DA:77,0
DA:94,0
DA:95,0
DA:98,0
DA:101,0
DA:102,0
DA:104,0
DA:106,0
DA:107,0
DA:112,0
DA:113,0
DA:115,0
DA:116,0
DA:117,0
DA:118,0
DA:122,0
DA:123,0
DA:129,0
DA:130,0
DA:131,0
DA:133,0
DA:134,0
DA:140,0
DA:141,0
DA:142,0
DA:145,0
DA:153,0
DA:154,0
DA:157,0
DA:160,0
DA:161,0
DA:162,0
DA:164,0
DA:165,0
DA:174,0
DA:176,0
DA:177,0
DA:182,0
DA:183,0
DA:193,0
LF:53
LH:0
BRDA:94,0,0,0
BRDA:94,0,1,0
BRDA:116,1,0,0
BRDA:116,1,1,0
BRDA:122,2,0,0
BRDA:122,2,1,0
BRDA:130,3,0,0
BRDA:130,3,1,0
BRDA:153,4,0,0
BRDA:153,4,1,0
BRDA:164,5,0,0
BRDA:164,5,1,0
BRDA:185,6,0,0
BRDA:185,6,1,0
BRF:14
BRH:0
end_of_record
TN:
SF:auth/sso-config.js
FN:43,initializePassport
FN:45,(anonymous_1)
FN:49,(anonymous_2)
FN:79,(anonymous_3)
FN:115,(anonymous_4)
FN:142,findOrCreateUser
FN:229,createUserSession
FN:272,encryptToken
FN:286,decryptToken
FN:307,requireAuth
FN:314,requireRole
FN:315,(anonymous_11)
FN:329,(anonymous_12)
FN:330,(anonymous_13)
FN:353,configureSession
FNF:15
FNH:0
FNDA:0,initializePassport
FNDA:0,(anonymous_1)
FNDA:0,(anonymous_2)
FNDA:0,(anonymous_3)
FNDA:0,(anonymous_4)
FNDA:0,findOrCreateUser
FNDA:0,createUserSession
FNDA:0,encryptToken
FNDA:0,decryptToken
FNDA:0,requireAuth
FNDA:0,requireRole
FNDA:0,(anonymous_11)
FNDA:0,(anonymous_12)
FNDA:0,(anonymous_13)
FNDA:0,configureSession
DA:5,0
DA:6,0
DA:7,0
DA:8,0
DA:9,0
DA:15,0
DA:45,0
DA:46,0
DA:49,0
DA:50,0
DA:51,0
DA:55,0
DA:57,0
DA:64,0
DA:80,0
DA:81,0
DA:93,0
DA:95,0
DA:104,0
DA:116,0
DA:117,0
DA:129,0
DA:131,0
DA:154,0
DA:156,0
DA:158,0
DA:165,0
DA:167,0
DA:169,0
DA:182,0
DA:185,0
DA:204,0
DA:207,0
DA:216,0
DA:222,0
DA:224,0
DA:225,0
DA:232,0
DA:235,0
DA:238,0
DA:239,0
DA:242,0
DA:243,0
DA:245,0
DA:265,0
DA:273,0
DA:275,0
DA:276,0
DA:277,0
DA:279,0
DA:280,0
DA:281,0
DA:283,0
DA:287,0
DA:289,0
DA:290,0
DA:292,0
DA:293,0
DA:294,0
DA:296,0
DA:297,0
DA:298,0
DA:300,0
DA:308,0
DA:309,0
DA:311,0
DA:315,0
DA:316,0
DA:317,0
DA:320,0
DA:321,0
DA:329,0
DA:330,0
DA:332,0
DA:333,0
DA:340,0
DA:341,0
DA:343,0
DA:344,0
DA:354,0
DA:372,0
LF:81
LH:0
BRDA:19,0,0,0
BRDA:19,0,1,0
BRDA:21,1,0,0
BRDA:21,1,1,0
BRDA:55,2,0,0
BRDA:55,2,1,0
BRDA:83,3,0,0
BRDA:83,3,1,0
BRDA:84,4,0,0
BRDA:84,4,1,0
BRDA:165,5,0,0
BRDA:165,5,1,0
BRDA:243,6,0,0
BRDA:243,6,1,0
BRDA:273,7,0,0
BRDA:273,7,1,0
BRDA:287,8,0,0
BRDA:287,8,1,0
BRDA:308,9,0,0
BRDA:308,9,1,0
BRDA:316,10,0,0
BRDA:316,10,1,0
BRDA:332,11,0,0
BRDA:332,11,1,0
BRDA:355,12,0,0
BRDA:355,12,1,0
BRF:26
BRH:0
end_of_record
TN:
SF:config/database.js
FNF:0
FNH:0
DA:1,0
DA:2,0
DA:4,0
DA:6,0
DA:7,0
DA:10,0
DA:15,0
LF:7
LH:0
BRDA:6,0,0,0
BRDA:6,0,1,0
BRF:2
BRH:0
end_of_record
TN:
SF:routes/calendar-routes.js
FN:15,(anonymous_0)
FN:65,(anonymous_1)
FN:101,(anonymous_2)
FN:197,(anonymous_3)
FN:256,(anonymous_4)
FN:281,(anonymous_5)
FN:304,(anonymous_6)
FN:337,(anonymous_7)
FN:358,(anonymous_8)
FNF:9
FNH:0
FNDA:0,(anonymous_0)
FNDA:0,(anonymous_1)
FNDA:0,(anonymous_2)
FNDA:0,(anonymous_3)
FNDA:0,(anonymous_4)
FNDA:0,(anonymous_5)
FNDA:0,(anonymous_6)
FNDA:0,(anonymous_7)
FNDA:0,(anonymous_8)
DA:5,0
DA:7,0
DA:8,0
DA:15,0
DA:16,0
DA:17,0
DA:18,0
DA:20,0
DA:37,0
DA:38,0
DA:41,0
DA:42,0
DA:43,0
DA:44,0
DA:48,0
DA:49,0
DA:50,0
DA:51,0
DA:54,0
DA:56,0
DA:57,0
DA:59,0
DA:60,0
DA:65,0
DA:66,0
DA:67,0
DA:69,0
DA:89,0
DA:90,0
DA:93,0
DA:95,0
DA:96,0
DA:101,0
DA:102,0
DA:103,0
DA:116,0
DA:119,0
DA:120,0
DA:126,0
DA:128,0
DA:130,0
DA:152,0
DA:155,0
DA:169,0
DA:170,0
DA:171,0
DA:180,0
DA:182,0
DA:187,0
DA:188,0
DA:191,0
DA:192,0
DA:197,0
DA:198,0
DA:199,0
DA:200,0
DA:201,0
DA:204,0
DA:209,0
DA:210,0
DA:214,0
DA:219,0
DA:220,0
DA:221,0
DA:223,0
DA:224,0
DA:225,0
DA:226,0
DA:227,0
DA:228,0
DA:232,0
DA:233,0
DA:236,0
DA:237,0
DA:244,0
DA:245,0
DA:250,0
DA:251,0
DA:256,0
DA:257,0
DA:258,0
DA:260,0
DA:265,0
DA:266,0
DA:269,0
DA:271,0
DA:272,0
DA:281,0
DA:282,0
DA:283,0
DA:285,0
DA:296,0
DA:298,0
DA:299,0
DA:304,0
DA:305,0
DA:306,0
DA:309,0
DA:311,0
DA:312,0
DA:317,0
DA:326,0
DA:331,0
DA:332,0
DA:337,0
DA:338,0
DA:339,0
DA:341,0
DA:346,0
DA:347,0
DA:350,0
DA:352,0
DA:353,0
DA:358,0
DA:359,0
DA:360,0
DA:361,0
DA:366,0
DA:373,0
DA:378,0
DA:379,0
DA:383,0
LF:122
LH:0
BRDA:41,0,0,0
BRDA:41,0,1,0
BRDA:41,1,0,0
BRDA:41,1,1,0
BRDA:48,2,0,0
BRDA:48,2,1,0
BRDA:89,3,0,0
BRDA:89,3,1,0
BRDA:119,4,0,0
BRDA:119,4,1,0
BRDA:119,5,0,0
BRDA:119,5,1,0
BRDA:119,5,2,0
BRDA:144,6,0,0
BRDA:144,6,1,0
BRDA:145,7,0,0
BRDA:145,7,1,0
BRDA:146,8,0,0
BRDA:146,8,1,0
BRDA:147,9,0,0
BRDA:147,9,1,0
BRDA:169,10,0,0
BRDA:169,10,1,0
BRDA:169,11,0,0
BRDA:169,11,1,0
BRDA:209,12,0,0
BRDA:209,12,1,0
BRDA:225,13,0,0
BRDA:225,13,1,0
BRDA:232,14,0,0
BRDA:232,14,1,0
BRDA:265,15,0,0
BRDA:265,15,1,0
BRDA:311,16,0,0
BRDA:311,16,1,0
BRDA:311,17,0,0
BRDA:311,17,1,0
BRDA:346,18,0,0
BRDA:346,18,1,0
BRF:39
BRH:0
end_of_record
TN:
SF:routes/health.js
FN:6,(anonymous_0)
FNF:1
FNH:0
FNDA:0,(anonymous_0)
DA:1,0
DA:3,0
DA:4,0
DA:6,0
DA:7,0
DA:9,0
DA:10,0
DA:11,0
DA:12,0
DA:18,0
DA:21,0
DA:30,0
LF:12
LH:0
BRF:0
BRH:0
end_of_record
TN:
SF:routes/index.js
FNF:0
FNH:0
DA:1,0
DA:3,0
DA:4,0
DA:5,0
DA:6,0
DA:9,0
DA:10,0
DA:16,0
LF:8
LH:0
BRF:0
BRH:0
end_of_record
TN:
SF:routes/meeting-routes.js
FN:15,(anonymous_0)
FN:68,(anonymous_1)
FN:191,(anonymous_2)
FN:235,(anonymous_3)
FN:264,(anonymous_4)
FN:292,(anonymous_5)
FN:315,(anonymous_6)
FN:375,(anonymous_7)
FNF:8
FNH:0
FNDA:0,(anonymous_0)
FNDA:0,(anonymous_1)
FNDA:0,(anonymous_2)
FNDA:0,(anonymous_3)
FNDA:0,(anonymous_4)
FNDA:0,(anonymous_5)
FNDA:0,(anonymous_6)
FNDA:0,(anonymous_7)
DA:5,0
DA:7,0
DA:8,0
DA:15,0
DA:16,0
DA:17,0
DA:18,0
DA:20,0
DA:39,0
DA:40,0
DA:42,0
DA:43,0
DA:44,0
DA:45,0
DA:48,0
DA:49,0
DA:52,0
DA:53,0
DA:56,0
DA:59,0
DA:60,0
DA:62,0
DA:63,0
DA:68,0
DA:69,0
DA:70,0
DA:84,0
DA:87,0
DA:88,0
DA:94,0
DA:95,0
DA:107,0
DA:108,0
DA:114,0
DA:116,0
DA:118,0
DA:132,0
DA:135,0
DA:143,0
DA:144,0
DA:145,0
DA:155,0
DA:169,0
DA:174,0
DA:176,0
DA:181,0
DA:182,0
DA:185,0
DA:186,0
DA:191,0
DA:192,0
DA:193,0
DA:195,0
DA:223,0
DA:224,0
DA:227,0
DA:229,0
DA:230,0
DA:235,0
DA:236,0
DA:237,0
DA:238,0
DA:240,0
DA:250,0
DA:251,0
DA:256,0
DA:258,0
DA:259,0
DA:264,0
DA:265,0
DA:266,0
DA:268,0
DA:276,0
DA:277,0
DA:280,0
DA:282,0
DA:283,0
DA:292,0
DA:293,0
DA:294,0
DA:295,0
DA:297,0
DA:298,0
DA:300,0
DA:301,0
DA:304,0
DA:306,0
DA:307,0
DA:309,0
DA:310,0
DA:315,0
DA:316,0
DA:317,0
DA:320,0
DA:322,0
DA:323,0
DA:328,0
DA:333,0
DA:334,0
DA:337,0
DA:338,0
DA:339,0
DA:340,0
DA:344,0
DA:345,0
DA:346,0
DA:347,0
DA:351,0
DA:364,0
DA:366,0
DA:367,0
DA:369,0
DA:370,0
DA:375,0
DA:376,0
DA:377,0
DA:378,0
DA:380,0
DA:381,0
DA:383,0
DA:397,0
DA:399,0
DA:400,0
DA:404,0
LF:124
LH:0
BRDA:42,0,0,0
BRDA:42,0,1,0
BRDA:48,1,0,0
BRDA:48,1,1,0
BRDA:52,2,0,0
BRDA:52,2,1,0
BRDA:87,3,0,0
BRDA:87,3,1,0
BRDA:87,4,0,0
BRDA:87,4,1,0
BRDA:87,4,2,0
BRDA:94,5,0,0
BRDA:94,5,1,0
BRDA:107,6,0,0
BRDA:107,6,1,0
BRDA:126,7,0,0
BRDA:126,7,1,0
BRDA:127,8,0,0
BRDA:127,8,1,0
BRDA:128,9,0,0
BRDA:128,9,1,0
BRDA:143,10,0,0
BRDA:143,10,1,0
BRDA:143,11,0,0
BRDA:143,11,1,0
BRDA:163,12,0,0
BRDA:163,12,1,0
BRDA:164,13,0,0
BRDA:164,13,1,0
BRDA:223,14,0,0
BRDA:223,14,1,0
BRDA:250,15,0,0
BRDA:250,15,1,0
BRDA:276,16,0,0
BRDA:276,16,1,0
BRDA:300,17,0,0
BRDA:300,17,1,0
BRDA:322,18,0,0
BRDA:322,18,1,0
BRDA:322,19,0,0
BRDA:322,19,1,0
BRDA:337,20,0,0
BRDA:337,20,1,0
BRDA:344,21,0,0
BRDA:344,21,1,0
BRDA:380,22,0,0
BRDA:380,22,1,0
BRDA:381,23,0,0
BRDA:381,23,1,0
BRF:49
BRH:0
end_of_record
TN:
SF:routes/notes.js
FN:7,(anonymous_0)
FN:25,(anonymous_1)
FN:46,(anonymous_2)
FN:73,(anonymous_3)
FN:107,(anonymous_4)
FNF:5
FNH:0
FNDA:0,(anonymous_0)
FNDA:0,(anonymous_1)
FNDA:0,(anonymous_2)
FNDA:0,(anonymous_3)
FNDA:0,(anonymous_4)
DA:1,0
DA:3,0
DA:4,0
DA:7,0
DA:8,0
DA:9,0
DA:10,0
DA:15,0
DA:17,0
DA:18,0
DA:20,0
DA:25,0
DA:26,0
DA:27,0
DA:28,0
DA:29,0
DA:33,0
DA:34,0
DA:36,0
DA:38,0
DA:39,0
DA:41,0
DA:46,0
DA:49,0
DA:51,0
DA:52,0
DA:55,0
DA:56,0
DA:57,0
DA:63,0
DA:65,0
DA:66,0
DA:68,0
DA:73,0
DA:74,0
DA:77,0
DA:79,0
DA:80,0
DA:83,0
DA:84,0
DA:85,0
DA:93,0
DA:94,0
DA:97,0
DA:99,0
DA:100,0
DA:102,0
DA:107,0
DA:108,0
DA:109,0
DA:110,0
DA:111,0
DA:113,0
DA:114,0
DA:117,0
DA:119,0
DA:120,0
DA:122,0
DA:126,0
LF:59
LH:0
BRDA:33,0,0,0
BRDA:33,0,1,0
BRDA:51,1,0,0
BRDA:51,1,1,0
BRDA:51,2,0,0
BRDA:51,2,1,0
BRDA:61,3,0,0
BRDA:61,3,1,0
BRDA:61,4,0,0
BRDA:61,4,1,0
BRDA:61,5,0,0
BRDA:61,5,1,0
BRDA:61,6,0,0
BRDA:61,6,1,0
BRDA:61,7,0,0
BRDA:61,7,1,0
BRDA:79,8,0,0
BRDA:79,8,1,0
BRDA:79,9,0,0
BRDA:79,9,1,0
BRDA:90,10,0,0
BRDA:90,10,1,0
BRDA:90,11,0,0
BRDA:90,11,1,0
BRDA:90,12,0,0
BRDA:90,12,1,0
BRDA:90,13,0,0
BRDA:90,13,1,0
BRDA:90,14,0,0
BRDA:90,14,1,0
BRDA:93,15,0,0
BRDA:93,15,1,0
BRDA:113,16,0,0
BRDA:113,16,1,0
BRF:34
BRH:0
end_of_record
TN:
SF:routes/pwa.js
FN:7,(anonymous_0)
FN:12,(anonymous_1)
FNF:2
FNH:0
FNDA:0,(anonymous_0)
FNDA:0,(anonymous_1)
DA:1,0
DA:3,0
DA:4,0
DA:7,0
DA:8,0
DA:9,0
DA:12,0
DA:13,0
DA:14,0
DA:15,0
DA:18,0
LF:11
LH:0
BRF:0
BRH:0
end_of_record
TN:
SF:routes/share-routes.js
FN:6,(anonymous_0)
FN:13,(anonymous_1)
FN:15,(anonymous_2)
FN:73,(anonymous_3)
FN:108,(anonymous_4)
FNF:5
FNH:0
FNDA:0,(anonymous_0)
FNDA:0,(anonymous_1)
FNDA:0,(anonymous_2)
FNDA:0,(anonymous_3)
FNDA:0,(anonymous_4)
DA:1,0
DA:3,0
DA:6,0
DA:7,0
DA:8,0
DA:10,0
DA:13,0
DA:15,0
DA:16,0
DA:17,0
DA:18,0
DA:20,0
DA:21,0
DA:24,0
DA:25,0
DA:26,0
DA:29,0
DA:30,0
DA:31,0
DA:33,0
DA:36,0
DA:37,0
DA:38,0
DA:40,0
DA:42,0
DA:46,0
DA:55,0
DA:61,0
DA:62,0
DA:64,0
DA:65,0
DA:66,0
DA:68,0
DA:73,0
DA:74,0
DA:75,0
DA:77,0
DA:78,0
DA:80,0
DA:87,0
DA:88,0
DA:91,0
DA:98,0
DA:100,0
DA:101,0
DA:103,0
DA:108,0
DA:109,0
DA:110,0
DA:112,0
DA:113,0
DA:114,0
DA:116,0
DA:117,0
DA:118,0
DA:120,0
DA:122,0
DA:123,0
DA:124,0
DA:128,0
DA:129,0
DA:132,0
DA:133,0
DA:134,0
DA:138,0
DA:139,0
DA:145,0
DA:146,0
DA:148,0
DA:149,0
DA:150,0
DA:152,0
DA:156,0
LF:73
LH:0
BRDA:7,0,0,0
BRDA:7,0,1,0
BRDA:20,1,0,0
BRDA:20,1,1,0
BRDA:20,2,0,0
BRDA:20,2,1,0
BRDA:30,3,0,0
BRDA:30,3,1,0
BRDA:37,4,0,0
BRDA:37,4,1,0
BRDA:40,5,0,0
BRDA:40,5,1,0
BRDA:87,6,0,0
BRDA:87,6,1,0
BRDA:117,7,0,0
BRDA:117,7,1,0
BRDA:123,8,0,0
BRDA:123,8,1,0
BRDA:128,9,0,0
BRDA:128,9,1,0
BRDA:128,10,0,0
BRDA:128,10,1,0
BRDA:133,11,0,0
BRDA:133,11,1,0
BRF:24
BRH:0
end_of_record
TN:
SF:utils/db-init.js
FN:3,ensureTable
FNF:1
FNH:0
FNDA:0,ensureTable
DA:1,0
DA:4,0
DA:5,0
DA:22,0
DA:37,0
DA:39,0
DA:40,0
DA:42,0
DA:46,0
LF:9
LH:0
BRF:0
BRH:0
end_of_record
